2023-11-08 16:41:16,526 [INFO] Activator:176 - 


2023-11-08 16:41:16,535 [INFO] Activator:177 - !SESSION log4j initialized
2023-11-08 16:41:26,292 [INFO] LogOutputStream:77 - [STDOUT_REDIRECT] 
2023-11-08 16:41:50,713 [ERROR] LogOutputStream:75 - [STDERR_REDIRECT] SLF4J: Failed to load class "org.slf4j.impl.StaticLoggerBinder".
2023-11-08 16:41:50,714 [ERROR] LogOutputStream:75 - [STDERR_REDIRECT] SLF4J: Defaulting to no-operation (NOP) logger implementation
2023-11-08 16:41:50,717 [ERROR] LogOutputStream:75 - [STDERR_REDIRECT] SLF4J: See http://www.slf4j.org/codes.html#StaticLoggerBinder for further details.
2023-11-08 18:18:08,075 [INFO] ApplicationProperties:184 - Using Application install path: C:\ST\STM32CubeIDE_1.12.1\STM32CubeIDE\plugins\com.st.stm32cube.common.mx_6.8.1.202304191431
2023-11-08 18:18:08,115 [INFO] DbMcusXml:78 - Set database path to: C:\ST\STM32CubeIDE_1.12.1\STM32CubeIDE\plugins\com.st.stm32cube.common.mx_6.8.1.202304191431\\db\/mcu/
2023-11-08 18:18:08,116 [INFO] ApiDb:274 - Set plugin database path to: C:\ST\STM32CubeIDE_1.12.1\STM32CubeIDE\plugins\com.st.stm32cube.common.mx_6.8.1.202304191431\\db\/plugins/boardmanager/
2023-11-08 18:18:08,120 [WARN] ApiDb:259 - Overriding images path with different value:  => C:\ST\STM32CubeIDE_1.12.1\STM32CubeIDE\plugins\com.st.stm32cube.common.mx_6.8.1.202304191431\\db\/plugins/mcufinder/images/
2023-11-08 18:18:08,156 [INFO] ApiDb:250 - Set database path to: C:\Users\Admin\.stmcufinder\plugins\mcufinder//mcu/
2023-11-08 18:18:08,158 [INFO] DbMcusAds:125 - Set database path to: C:\Users\Admin\.stmcufinder\plugins\mcufinder//mcu/
2023-11-08 18:18:08,422 [INFO] CrossReferenceDbSqlite:203 - Set database path to: C:\Users\Admin\.stmcufinder\plugins\mcufinder//mcu/cs/
2023-11-08 18:18:08,617 [INFO] RulesReader:64 - Compatibility file has been processed (293 Rules)
2023-11-08 18:18:08,765 [INFO] DbMcusXml:78 - Set database path to: C:\ST\STM32CubeIDE_1.12.1\STM32CubeIDE\plugins\com.st.stm32cube.common.mx_6.8.1.202304191431\\db\/mcu/
2023-11-08 18:18:08,765 [INFO] ApiDb:274 - Set plugin database path to: C:\ST\STM32CubeIDE_1.12.1\STM32CubeIDE\plugins\com.st.stm32cube.common.mx_6.8.1.202304191431\\db\/plugins/boardmanager/
2023-11-08 18:18:08,766 [INFO] ApiDb:261 - Set plugin images path to: C:\ST\STM32CubeIDE_1.12.1\STM32CubeIDE\plugins\com.st.stm32cube.common.mx_6.8.1.202304191431\\db\/plugins/mcufinder/images/
2023-11-08 18:18:08,766 [WARN] DbFile:41 - Overriding database path with different value: C:\Users\Admin\.stmcufinder\plugins\mcufinder/ => C:\Users\Admin\.stmcufinder\plugins\mcufinder
2023-11-08 18:18:08,766 [INFO] ApiDb:250 - Set database path to: C:\Users\Admin\.stmcufinder\plugins\mcufinder//mcu/
2023-11-08 18:18:08,766 [WARN] DbFile:41 - Overriding database path with different value: C:\Users\Admin\.stmcufinder\plugins\mcufinder/ => C:\Users\Admin\.stmcufinder\plugins\mcufinder
2023-11-08 18:18:08,766 [INFO] DbMcusAds:125 - Set database path to: C:\Users\Admin\.stmcufinder\plugins\mcufinder//mcu/
2023-11-08 18:18:08,766 [WARN] DbFile:41 - Overriding database path with different value: C:\Users\Admin\.stmcufinder\plugins\mcufinder/ => C:\Users\Admin\.stmcufinder\plugins\mcufinder
2023-11-08 18:18:08,767 [WARN] DbFile:41 - Overriding database path with different value: C:\Users\Admin\.stmcufinder\plugins\mcufinder/ => C:\Users\Admin\.stmcufinder\plugins\mcufinder
2023-11-08 18:18:08,767 [INFO] CrossReferenceDbSqlite:203 - Set database path to: C:\Users\Admin\.stmcufinder\plugins\mcufinder//mcu/cs/
2023-11-08 18:18:08,888 [INFO] MainPanel:253 - HeapMemory: 532676608
2023-11-08 18:18:09,078 [INFO] DbMcusXml:78 - Set database path to: C:\ST\STM32CubeIDE_1.12.1\STM32CubeIDE\plugins\com.st.stm32cube.common.mx_6.8.1.202304191431\\db\/mcu/
2023-11-08 18:18:09,078 [INFO] ApiDb:274 - Set plugin database path to: C:\ST\STM32CubeIDE_1.12.1\STM32CubeIDE\plugins\com.st.stm32cube.common.mx_6.8.1.202304191431\\db\/plugins/boardmanager/
2023-11-08 18:18:09,078 [INFO] ApiDb:261 - Set plugin images path to: C:\ST\STM32CubeIDE_1.12.1\STM32CubeIDE\plugins\com.st.stm32cube.common.mx_6.8.1.202304191431\\db\/plugins/mcufinder/images/
2023-11-08 18:18:09,079 [WARN] DbFile:41 - Overriding database path with different value: C:\Users\Admin\.stmcufinder\plugins\mcufinder/ => C:\Users\Admin\.stmcufinder\plugins\mcufinder
2023-11-08 18:18:09,079 [INFO] ApiDb:250 - Set database path to: C:\Users\Admin\.stmcufinder\plugins\mcufinder//mcu/
2023-11-08 18:18:09,079 [WARN] DbFile:41 - Overriding database path with different value: C:\Users\Admin\.stmcufinder\plugins\mcufinder/ => C:\Users\Admin\.stmcufinder\plugins\mcufinder
2023-11-08 18:18:09,080 [INFO] DbMcusAds:125 - Set database path to: C:\Users\Admin\.stmcufinder\plugins\mcufinder//mcu/
2023-11-08 18:18:09,080 [WARN] DbFile:41 - Overriding database path with different value: C:\Users\Admin\.stmcufinder\plugins\mcufinder/ => C:\Users\Admin\.stmcufinder\plugins\mcufinder
2023-11-08 18:18:09,080 [WARN] DbFile:41 - Overriding database path with different value: C:\Users\Admin\.stmcufinder\plugins\mcufinder/ => C:\Users\Admin\.stmcufinder\plugins\mcufinder
2023-11-08 18:18:09,080 [INFO] CrossReferenceDbSqlite:203 - Set database path to: C:\Users\Admin\.stmcufinder\plugins\mcufinder//mcu/cs/
2023-11-08 18:18:09,110 [INFO] ApplicationProperties:184 - Using Application install path: C:\ST\STM32CubeIDE_1.12.1\STM32CubeIDE\plugins\com.st.stm32cube.common.mx_6.8.1.202304191431
2023-11-08 18:18:09,113 [INFO] PluginManage:196 - Search for loadable plugins [exclusion list=, ]
2023-11-08 18:18:09,116 [INFO] PluginManage:310 - Check plugin analytics
2023-11-08 18:18:09,452 [INFO] AnalyticsPlugin:253 - Accepted Software Licenses: STM32CubeMX.6.8.1
2023-11-08 18:18:09,453 [INFO] AnalyticsPlugin:255 - Accepted CMSIS Pack Licenses: 
2023-11-08 18:18:09,453 [INFO] AnalyticsPlugin:257 - Accepted Firmware Licenses: FW.F4.1.27.0
2023-11-08 18:18:09,471 [INFO] PluginManage:359 - Loaded plugin analytics (category:tool,tabindex:-1)
2023-11-08 18:18:09,472 [INFO] PluginManage:310 - Check plugin cadmodel
2023-11-08 18:18:09,501 [INFO] CADModel:105 - Init CAD model plugin
2023-11-08 18:18:09,501 [INFO] PluginManage:359 - Loaded plugin cadmodel (category:power,tabindex:5)
2023-11-08 18:18:09,501 [INFO] PluginManage:310 - Check plugin clock
2023-11-08 18:18:09,539 [INFO] PluginManage:359 - Loaded plugin clock (category:base,tabindex:2)
2023-11-08 18:18:09,539 [INFO] PluginManage:310 - Check plugin ddr
2023-11-08 18:18:09,545 [INFO] PluginManage:359 - Loaded plugin ddr (category:tool,tabindex:6)
2023-11-08 18:18:09,545 [INFO] PluginManage:310 - Check plugin filemanager
2023-11-08 18:18:09,762 [INFO] PluginManage:359 - Loaded plugin filemanager (category:base,tabindex:10)
2023-11-08 18:18:09,762 [INFO] PluginManage:310 - Check plugin ipmanager
2023-11-08 18:18:09,775 [INFO] PluginManage:359 - Loaded plugin ipmanager (category:base,tabindex:5)
2023-11-08 18:18:09,775 [INFO] PluginManage:310 - Check plugin lpbam
2023-11-08 18:18:09,803 [INFO] PluginManage:359 - Loaded plugin lpbam (category:base,tabindex:0)
2023-11-08 18:18:09,804 [INFO] PluginManage:310 - Check plugin pinoutandconfiguration
2023-11-08 18:18:09,827 [INFO] PluginManage:359 - Loaded plugin pinoutandconfiguration (category:base,tabindex:1)
2023-11-08 18:18:09,827 [INFO] PluginManage:310 - Check plugin pinoutconfig
2023-11-08 18:18:09,975 [WARN] SupportedApi:132 - Cannot load RTOS API schema: s4s-elt-must-match.1: The content of 'definitions' must match (annotation?, (simpleType | complexType)?, (unique | key | keyref)*)). A problem was found starting at: attribute.
2023-11-08 18:18:10,209 [INFO] PluginManage:359 - Loaded plugin pinoutconfig (category:base,tabindex:0)
2023-11-08 18:18:10,210 [INFO] PluginManage:310 - Check plugin power
2023-11-08 18:18:10,252 [INFO] PluginManage:359 - Loaded plugin power (category:power,tabindex:4)
2023-11-08 18:18:10,253 [INFO] PluginManage:310 - Check plugin projectmanager
2023-11-08 18:18:10,284 [INFO] PluginManage:359 - Loaded plugin projectmanager (category:projectmanager,tabindex:3)
2023-11-08 18:18:10,284 [INFO] PluginManage:310 - Check plugin thirdparty
2023-11-08 18:18:10,739 [INFO] PluginManage:359 - Loaded plugin thirdparty (category:base,tabindex:-1)
2023-11-08 18:18:10,739 [WARN] IntegrityCheckThread:84 - waiting for thirdparty lock release [integrity check]
2023-11-08 18:18:10,740 [INFO] PluginManage:310 - Check plugin tools
2023-11-08 18:18:10,740 [INFO] IntegrityCheckThread:86 - entering critical section [integrity check]
2023-11-08 18:18:10,742 [INFO] ThirdPartyUpdaterWithRetryManager:70 - Updater plugin not ready yet. [1/15]
2023-11-08 18:18:10,786 [INFO] PluginManage:359 - Loaded plugin tools (category:base,tabindex:7)
2023-11-08 18:18:10,786 [INFO] PluginManage:310 - Check plugin tutovideos
2023-11-08 18:18:11,106 [INFO] PluginManage:359 - Loaded plugin tutovideos (category:base,tabindex:-1)
2023-11-08 18:18:11,106 [INFO] PluginManage:310 - Check plugin updater
2023-11-08 18:18:11,134 [INFO] PluginManage:359 - Loaded plugin updater (category:base,tabindex:12)
2023-11-08 18:18:11,134 [INFO] PluginManage:283 - PluginManage : Loaded plugins [15]
2023-11-08 18:18:11,625 [INFO] PinOutPanel:1499 - setPackage(No Configuration,No Configuration)
2023-11-08 18:18:11,740 [INFO] CADModel:165 - CPN selected for project level
2023-11-08 18:18:11,741 [INFO] CADModel:114 - Register for checkConnection events
2023-11-08 18:18:11,786 [INFO] IPUIPlugin:80 - create IPUIPlugin
2023-11-08 18:18:11,787 [INFO] PluginManager:220 - loadIPPluginJar : add adc
2023-11-08 18:18:11,835 [INFO] IPUIPlugin:80 - create IPUIPlugin
2023-11-08 18:18:11,835 [INFO] PluginManager:220 - loadIPPluginJar : add aes
2023-11-08 18:18:11,885 [INFO] IPUIPlugin:80 - create IPUIPlugin
2023-11-08 18:18:11,885 [INFO] PluginManager:220 - loadIPPluginJar : add can
2023-11-08 18:18:11,912 [INFO] IPUIPlugin:80 - create IPUIPlugin
2023-11-08 18:18:11,912 [INFO] PluginManager:220 - loadIPPluginJar : add comp
2023-11-08 18:18:11,953 [INFO] IPUIPlugin:80 - create IPUIPlugin
2023-11-08 18:18:11,953 [INFO] PluginManager:220 - loadIPPluginJar : add cryp
2023-11-08 18:18:11,990 [INFO] IPUIPlugin:80 - create IPUIPlugin
2023-11-08 18:18:11,990 [INFO] PluginManager:220 - loadIPPluginJar : add dfsdm
2023-11-08 18:18:12,008 [INFO] IPUIPlugin:80 - create IPUIPlugin
2023-11-08 18:18:12,008 [INFO] PluginManager:220 - loadIPPluginJar : add dma
2023-11-08 18:18:12,058 [INFO] IPUIPlugin:80 - create IPUIPlugin
2023-11-08 18:18:12,058 [INFO] PluginManager:220 - loadIPPluginJar : add dma3
2023-11-08 18:18:12,084 [INFO] IPUIPlugin:80 - create IPUIPlugin
2023-11-08 18:18:12,084 [INFO] PluginManager:220 - loadIPPluginJar : add fatfs
2023-11-08 18:18:12,136 [INFO] IPUIPlugin:80 - create IPUIPlugin
2023-11-08 18:18:12,136 [INFO] PluginManager:220 - loadIPPluginJar : add fmc
2023-11-08 18:18:12,156 [INFO] IPUIPlugin:80 - create IPUIPlugin
2023-11-08 18:18:12,156 [INFO] PluginManager:220 - loadIPPluginJar : add freertos
2023-11-08 18:18:12,195 [INFO] IPUIPlugin:80 - create IPUIPlugin
2023-11-08 18:18:12,196 [INFO] PluginManager:220 - loadIPPluginJar : add genericplugin
2023-11-08 18:18:12,305 [INFO] IPUIPlugin:80 - create IPUIPlugin
2023-11-08 18:18:12,306 [INFO] PluginManager:220 - loadIPPluginJar : add gfxmmu
2023-11-08 18:18:12,468 [INFO] IPUIPlugin:80 - create IPUIPlugin
2023-11-08 18:18:12,468 [INFO] PluginManager:220 - loadIPPluginJar : add gic
2023-11-08 18:18:12,485 [INFO] IPUIPlugin:80 - create IPUIPlugin
2023-11-08 18:18:12,485 [INFO] PluginManager:220 - loadIPPluginJar : add gpio
2023-11-08 18:18:12,592 [INFO] IPUIPlugin:80 - create IPUIPlugin
2023-11-08 18:18:12,592 [INFO] PluginManager:220 - loadIPPluginJar : add gtzc
2023-11-08 18:18:12,630 [INFO] IPUIPlugin:80 - create IPUIPlugin
2023-11-08 18:18:12,631 [INFO] PluginManager:220 - loadIPPluginJar : add hash
2023-11-08 18:18:12,690 [INFO] IPUIPlugin:80 - create IPUIPlugin
2023-11-08 18:18:12,690 [INFO] PluginManager:220 - loadIPPluginJar : add i2c
2023-11-08 18:18:12,737 [INFO] IPUIPlugin:80 - create IPUIPlugin
2023-11-08 18:18:12,737 [INFO] PluginManager:220 - loadIPPluginJar : add i2s
2023-11-08 18:18:12,785 [INFO] IPUIPlugin:80 - create IPUIPlugin
2023-11-08 18:18:12,785 [INFO] PluginManager:220 - loadIPPluginJar : add i3c
2023-11-08 18:18:12,905 [INFO] IPUIPlugin:80 - create IPUIPlugin
2023-11-08 18:18:12,906 [INFO] PluginManager:220 - loadIPPluginJar : add ipddr
2023-11-08 18:18:13,021 [INFO] IPUIPlugin:80 - create IPUIPlugin
2023-11-08 18:18:13,021 [INFO] PluginManager:220 - loadIPPluginJar : add linkedlist
2023-11-08 18:18:13,063 [INFO] IPUIPlugin:80 - create IPUIPlugin
2023-11-08 18:18:13,063 [INFO] PluginManager:220 - loadIPPluginJar : add lorawan
2023-11-08 18:18:13,105 [INFO] IPUIPlugin:80 - create IPUIPlugin
2023-11-08 18:18:13,105 [INFO] PluginManager:220 - loadIPPluginJar : add ltdc
2023-11-08 18:18:13,125 [INFO] IPUIPlugin:80 - create IPUIPlugin
2023-11-08 18:18:13,125 [INFO] PluginManager:220 - loadIPPluginJar : add mdma
2023-11-08 18:18:13,141 [INFO] IPUIPlugin:80 - create IPUIPlugin
2023-11-08 18:18:13,141 [INFO] PluginManager:220 - loadIPPluginJar : add nvic
2023-11-08 18:18:13,183 [INFO] IPUIPlugin:80 - create IPUIPlugin
2023-11-08 18:18:13,183 [INFO] PluginManager:220 - loadIPPluginJar : add opamp
2023-11-08 18:18:13,254 [INFO] IPUIPlugin:80 - create IPUIPlugin
2023-11-08 18:18:13,255 [INFO] PluginManager:220 - loadIPPluginJar : add openamp
2023-11-08 18:18:13,303 [INFO] IPUIPlugin:80 - create IPUIPlugin
2023-11-08 18:18:13,303 [INFO] PluginManager:220 - loadIPPluginJar : add pdm2pcm
2023-11-08 18:18:13,323 [INFO] IPUIPlugin:80 - create IPUIPlugin
2023-11-08 18:18:13,327 [INFO] PluginManager:220 - loadIPPluginJar : add plateformsettings
2023-11-08 18:18:13,353 [INFO] IPUIPlugin:80 - create IPUIPlugin
2023-11-08 18:18:13,353 [INFO] PluginManager:220 - loadIPPluginJar : add quadspi
2023-11-08 18:18:13,369 [INFO] IPUIPlugin:80 - create IPUIPlugin
2023-11-08 18:18:13,369 [INFO] PluginManager:220 - loadIPPluginJar : add resmgrutility
2023-11-08 18:18:13,424 [INFO] IPUIPlugin:80 - create IPUIPlugin
2023-11-08 18:18:13,425 [INFO] PluginManager:220 - loadIPPluginJar : add sai
2023-11-08 18:18:13,468 [INFO] IPUIPlugin:80 - create IPUIPlugin
2023-11-08 18:18:13,468 [INFO] PluginManager:220 - loadIPPluginJar : add spi
2023-11-08 18:18:13,534 [INFO] IPUIPlugin:80 - create IPUIPlugin
2023-11-08 18:18:13,535 [INFO] PluginManager:220 - loadIPPluginJar : add stm32_wpan
2023-11-08 18:18:13,562 [INFO] IPUIPlugin:80 - create IPUIPlugin
2023-11-08 18:18:13,562 [INFO] PluginManager:220 - loadIPPluginJar : add tim
2023-11-08 18:18:13,626 [INFO] IPUIPlugin:80 - create IPUIPlugin
2023-11-08 18:18:13,626 [INFO] PluginManager:220 - loadIPPluginJar : add touchsensing
2023-11-08 18:18:13,665 [INFO] IPUIPlugin:80 - create IPUIPlugin
2023-11-08 18:18:13,665 [INFO] PluginManager:220 - loadIPPluginJar : add tracer_emb
2023-11-08 18:18:13,696 [INFO] IPUIPlugin:80 - create IPUIPlugin
2023-11-08 18:18:13,696 [INFO] PluginManager:220 - loadIPPluginJar : add ts
2023-11-08 18:18:13,726 [INFO] IPUIPlugin:80 - create IPUIPlugin
2023-11-08 18:18:13,726 [INFO] PluginManager:220 - loadIPPluginJar : add tsc
2023-11-08 18:18:13,757 [INFO] IPUIPlugin:80 - create IPUIPlugin
2023-11-08 18:18:13,757 [INFO] PluginManager:220 - loadIPPluginJar : add ucpd
2023-11-08 18:18:13,758 [INFO] ThirdPartyUpdaterWithRetryManager:70 - Updater plugin not ready yet. [2/15]
2023-11-08 18:18:13,839 [INFO] IPUIPlugin:80 - create IPUIPlugin
2023-11-08 18:18:13,839 [INFO] PluginManager:220 - loadIPPluginJar : add usart
2023-11-08 18:18:13,893 [INFO] IPUIPlugin:80 - create IPUIPlugin
2023-11-08 18:18:13,893 [INFO] PluginManager:220 - loadIPPluginJar : add usbx
2023-11-08 18:18:14,084 [INFO] CADModel:165 - CPN selected for project level
2023-11-08 18:18:14,085 [INFO] CADModel:114 - Register for checkConnection events
2023-11-08 18:18:14,086 [FATAL] Updater:308 - Updater called before beeing initialized
2023-11-08 18:18:14,086 [ERROR] CADModel:125 - Updater not yet initialized, retry later 
2023-11-08 18:18:14,433 [INFO] CADModel:165 - CPN selected for project level
2023-11-08 18:18:14,434 [INFO] CADModel:114 - Register for checkConnection events
2023-11-08 18:18:14,434 [FATAL] Updater:308 - Updater called before beeing initialized
2023-11-08 18:18:14,434 [ERROR] CADModel:125 - Updater not yet initialized, retry later 
2023-11-08 18:18:14,441 [FATAL] Updater:308 - Updater called before beeing initialized
2023-11-08 18:18:14,771 [FATAL] Updater:308 - Updater called before beeing initialized
2023-11-08 18:18:14,790 [INFO] DbMcusAds:53 - JSON generation date=Tue Mar 07 15:50:55 ICT 2023 (1678179055335)
2023-11-08 18:18:14,791 [FATAL] Updater:308 - Updater called before beeing initialized
2023-11-08 18:18:14,850 [WARN] DetailPanel:346 - Failed to get advertising image, set to default
2023-11-08 18:18:15,043 [FATAL] Updater:308 - Updater called before beeing initialized
2023-11-08 18:18:15,047 [FATAL] Updater:308 - Updater called before beeing initialized
2023-11-08 18:18:15,047 [FATAL] Updater:308 - Updater called before beeing initialized
2023-11-08 18:18:15,047 [WARN] DetailPanel:346 - Failed to get advertising image, set to default
2023-11-08 18:18:15,049 [FATAL] Updater:308 - Updater called before beeing initialized
2023-11-08 18:18:15,151 [ERROR] Updater:1120 - MainUpdater not yet initialized. External WinMGr cannot be set.
2023-11-08 18:18:15,165 [INFO] Updater:1056 - Updater Version found : 6.8.1
2023-11-08 18:18:15,192 [INFO] ApplicationProperties:184 - Using Application install path: C:\ST\STM32CubeIDE_1.12.1\STM32CubeIDE\plugins\com.st.stm32cube.common.mx_6.8.1.202304191431
2023-11-08 18:18:15,569 [INFO] MainUpdater:2854 - connection check result : 10
2023-11-08 18:18:15,571 [INFO] MainUpdater:283 - Updater Check For Update Now.
2023-11-08 18:18:15,572 [INFO] MicroXplorer:498 - Change Database Version : DB.6.0.81
2023-11-08 18:18:15,956 [INFO] CheckServerUpdateThread:120 - End of CheckServer Thread
2023-11-08 18:18:16,134 [INFO] MainUpdater:2854 - connection check result : 10
2023-11-08 18:18:16,143 [INFO] MainUpdater:2854 - connection check result : 10
2023-11-08 18:18:16,390 [INFO] MicroXplorer:468 - Change Database Path : 
2023-11-08 18:18:16,390 [INFO] MicroXplorer:498 - Change Database Version : DB.6.0.81
2023-11-08 18:18:16,391 [WARN] ThirdParty:871 - waiting for thirdparty lock release [close project]
2023-11-08 18:18:17,111 [WARN] PackLoader:240 - Cannot read IP mode file for STMicroelectronics.X-CUBE-SMBUS.2.1.0
2023-11-08 18:18:17,176 [WARN] PackLoader:240 - Cannot read IP mode file for STMicroelectronics.X-CUBE-AZRTOS-F7.1.1.0
2023-11-08 18:18:17,207 [WARN] PackLoader:240 - Cannot read IP mode file for STMicroelectronics.FP-SNS-MOTENV1.4.3.2
2023-11-08 18:18:17,232 [ERROR] RealEvaluatedCondition:428 - Found unsupported composite condition: GROUP='STM32_MetaDataManager' CLASS='Data Exchange'
2023-11-08 18:18:17,232 [ERROR] RealEvaluatedCondition:428 - Found unsupported composite condition: CLASS='Data Exchange' GROUP='STM32_MetaDataManager'
2023-11-08 18:18:17,235 [WARN] PackLoader:240 - Cannot read IP mode file for STMicroelectronics.FP-SNS-MOTENV1.4.3.1
2023-11-08 18:18:17,261 [WARN] PackLoader:240 - Cannot read IP mode file for STMicroelectronics.FP-SNS-FLIGHT1.5.0.1
2023-11-08 18:18:17,285 [WARN] PackLoader:240 - Cannot read IP mode file for STMicroelectronics.X-CUBE-BLE1.6.2.4
2023-11-08 18:18:17,349 [WARN] PackLoader:240 - Cannot read IP mode file for STMicroelectronics.X-CUBE-DISPLAY.3.0.0
2023-11-08 18:18:17,377 [WARN] PackLoader:240 - Cannot read IP mode file for STMicroelectronics.X-CUBE-TOUCHGFX.4.22.0
2023-11-08 18:18:17,391 [WARN] PackLoader:240 - Cannot read IP mode file for STMicroelectronics.X-CUBE-TOUCHGFX.4.22.1
2023-11-08 18:18:17,408 [WARN] PackLoader:240 - Cannot read IP mode file for STMicroelectronics.FP-SNS-SMARTAG2.1.2.0
2023-11-08 18:18:17,438 [INFO] LogOutputStream:77 - [STDOUT_REDIRECT] 1 : Invalid condition id : UX_CORESTACK_Condition cause : null
2023-11-08 18:18:17,438 [INFO] LogOutputStream:77 - [STDOUT_REDIRECT] 1 : Invalid condition id : UX_CORESTACK_Condition cause : null
2023-11-08 18:18:17,441 [INFO] LogOutputStream:77 - [STDOUT_REDIRECT] 1 : Invalid condition id : UX_CORESTACK_Condition cause : null
2023-11-08 18:18:17,443 [INFO] LogOutputStream:77 - [STDOUT_REDIRECT] 1 : Invalid condition id : UX_CORESTACK_Condition cause : null
2023-11-08 18:18:17,444 [INFO] LogOutputStream:77 - [STDOUT_REDIRECT] 1 : Invalid condition id : UX_CORESTACK_Condition cause : null
2023-11-08 18:18:17,449 [WARN] PackLoader:240 - Cannot read IP mode file for STMicroelectronics.X-CUBE-AZRTOS-WL.2.0.0
2023-11-08 18:18:17,472 [WARN] PackLoader:240 - Cannot read IP mode file for WES.I-CUBE-Cesium.1.3.0
2023-11-08 18:18:17,487 [WARN] PackLoader:240 - Cannot read IP mode file for STMicroelectronics.X-CUBE-BLE2.3.3.0
2023-11-08 18:18:17,499 [WARN] PackLoader:240 - Cannot read IP mode file for STMicroelectronics.X-CUBE-TOUCHGFX.4.21.4
2023-11-08 18:18:17,515 [WARN] PackLoader:240 - Cannot read IP mode file for STMicroelectronics.X-CUBE-ALGOBUILD.1.3.0
2023-11-08 18:18:17,558 [WARN] PackLoader:240 - Cannot read IP mode file for STMicroelectronics.X-CUBE-AZRTOS-G0.1.1.0
2023-11-08 18:18:17,583 [WARN] PackLoader:240 - Cannot read IP mode file for STMicroelectronics.X-CUBE-NFC4.3.0.0
2023-11-08 18:18:17,629 [WARN] PackLoader:240 - Cannot read IP mode file for STMicroelectronics.X-CUBE-BLEMGR.3.0.0
2023-11-08 18:18:17,654 [WARN] PackLoader:240 - Cannot read IP mode file for STMicroelectronics.FP-ATR-SIGFOX1.3.2.0
2023-11-08 18:18:17,722 [WARN] PackLoader:240 - Cannot read IP mode file for SEGGER.I-CUBE-embOS.1.3.1
2023-11-08 18:18:17,866 [WARN] PackLoader:240 - Cannot read IP mode file for STMicroelectronics.X-CUBE-GNSS1.6.0.0
2023-11-08 18:18:17,956 [WARN] PackLoader:240 - Cannot read IP mode file for STMicroelectronics.X-CUBE-AZRTOS-F4.1.1.0
2023-11-08 18:18:18,017 [WARN] PackLoader:240 - Cannot read IP mode file for wolfSSL.I-CUBE-wolfSSL.5.6.0
2023-11-08 18:18:18,073 [WARN] PackLoader:240 - Cannot read IP mode file for STMicroelectronics.X-CUBE-AZRTOS-L5.2.0.0
2023-11-08 18:18:18,210 [WARN] PackLoader:240 - Cannot read IP mode file for STMicroelectronics.X-CUBE-MEMS1.9.6.0
2023-11-08 18:18:18,653 [WARN] PackLoader:240 - Cannot read IP mode file for STMicroelectronics.X-CUBE-EEPRMA1.4.2.0
2023-11-08 18:18:18,697 [WARN] PackLoader:240 - Cannot read IP mode file for ITTIA_DB.I-CUBE-ITTIADB.8.8.0
2023-11-08 18:18:18,727 [WARN] PackLoader:240 - Cannot read IP mode file for emotas.I-CUBE-CANOPEN.1.1.3
2023-11-08 18:18:18,755 [WARN] PackLoader:240 - Cannot read IP mode file for STMicroelectronics.X-CUBE-BLEMGR.2.0.0
2023-11-08 18:18:18,816 [WARN] ConditionMgr:438 - getConditionDescription Invalid condition id : UX DEVICE CLASS RTOS Condition cause : null
2023-11-08 18:18:18,817 [WARN] ConditionMgr:438 - getConditionDescription Invalid condition id : UX DEVICE CLASS RTOS Condition cause : null
2023-11-08 18:18:18,822 [WARN] PackLoader:240 - Cannot read IP mode file for STMicroelectronics.X-CUBE-AZRTOS-H7.3.1.0
2023-11-08 18:18:18,824 [WARN] ConditionMgr:1039 - genDependencies : Invalid condition id : UX DEVICE CLASS RTOS Condition cause : null
2023-11-08 18:18:18,824 [WARN] ConditionMgr:1039 - genDependencies : Invalid condition id : UX DEVICE CLASS RTOS Condition cause : null
2023-11-08 18:18:18,825 [WARN] ConditionMgr:1039 - genDependencies : Invalid condition id : UX DEVICE CLASS RTOS Condition cause : null
2023-11-08 18:18:18,826 [WARN] ConditionMgr:1039 - genDependencies : Invalid condition id : UX DEVICE CLASS RTOS Condition cause : null
2023-11-08 18:18:18,826 [WARN] ConditionMgr:1039 - genDependencies : Invalid condition id : UX DEVICE CLASS RTOS Condition cause : null
2023-11-08 18:18:18,852 [WARN] PackLoader:240 - Cannot read IP mode file for STMicroelectronics.X-CUBE-NFC7.1.0.1
2023-11-08 18:18:18,886 [WARN] PackLoader:240 - Cannot read IP mode file for STMicroelectronics.X-CUBE-NFC6.3.0.0
2023-11-08 18:18:18,913 [WARN] PackLoader:240 - Cannot read IP mode file for STMicroelectronics.X-CUBE-EEPRMA1.4.1.0
2023-11-08 18:18:18,984 [WARN] ConditionMgr:438 - getConditionDescription Invalid condition id : LAN8742 Phy interface Condition cause : null
2023-11-08 18:18:18,985 [WARN] PackLoader:240 - Cannot read IP mode file for STMicroelectronics.X-CUBE-AZRTOS-L4.2.0.0
2023-11-08 18:18:18,988 [WARN] ConditionMgr:1039 - genDependencies : Invalid condition id : LAN8742 Phy interface Condition cause : null
2023-11-08 18:18:18,991 [WARN] ConditionMgr:1039 - genDependencies : Invalid condition id : LAN8742 Phy interface Condition cause : null
2023-11-08 18:18:18,993 [WARN] ConditionMgr:1039 - genDependencies : Invalid condition id : LAN8742 Phy interface Condition cause : null
2023-11-08 18:18:19,022 [WARN] PackLoader:240 - Cannot read IP mode file for STMicroelectronics.X-CUBE-SFXS2LP1.4.0.0
2023-11-08 18:18:19,045 [WARN] PackLoader:240 - Cannot read IP mode file for STMicroelectronics.X-CUBE-ISPU.1.1.0
2023-11-08 18:18:19,086 [WARN] ConditionMgr:438 - getConditionDescription Invalid condition id : UX DEVICE CLASS RTOS Condition cause : null
2023-11-08 18:18:19,087 [WARN] ConditionMgr:438 - getConditionDescription Invalid condition id : UX DEVICE CLASS RTOS Condition cause : null
2023-11-08 18:18:19,091 [WARN] PackLoader:240 - Cannot read IP mode file for STMicroelectronics.X-CUBE-AZRTOS-WB.2.0.0
2023-11-08 18:18:19,092 [WARN] ConditionMgr:1039 - genDependencies : Invalid condition id : UX DEVICE CLASS RTOS Condition cause : null
2023-11-08 18:18:19,092 [WARN] ConditionMgr:1039 - genDependencies : Invalid condition id : UX DEVICE CLASS RTOS Condition cause : null
2023-11-08 18:18:19,098 [WARN] ConditionMgr:1039 - genDependencies : Invalid condition id : UX DEVICE CLASS RTOS Condition cause : null
2023-11-08 18:18:19,099 [WARN] ConditionMgr:1039 - genDependencies : Invalid condition id : UX DEVICE CLASS RTOS Condition cause : null
2023-11-08 18:18:19,099 [WARN] ConditionMgr:1039 - genDependencies : Invalid condition id : UX DEVICE CLASS RTOS Condition cause : null
2023-11-08 18:18:19,125 [WARN] PackLoader:240 - Cannot read IP mode file for STMicroelectronics.X-CUBE-FREERTOS.1.0.1
2023-11-08 18:18:19,186 [WARN] PackLoader:240 - Cannot read IP mode file for STMicroelectronics.X-CUBE-AZRTOS-L5.1.1.0
2023-11-08 18:18:19,213 [WARN] PackLoader:240 - Cannot read IP mode file for STMicroelectronics.X-CUBE-AI.8.0.1
2023-11-08 18:18:19,251 [WARN] PackLoader:240 - Cannot read IP mode file for STMicroelectronics.X-CUBE-SUBG2.5.0.0
2023-11-08 18:18:19,372 [WARN] PackLoader:240 - Cannot read IP mode file for STMicroelectronics.X-CUBE-TOF1.3.3.1
2023-11-08 18:18:19,434 [WARN] PackLoader:240 - Cannot read IP mode file for STMicroelectronics.X-CUBE-AZRTOS-G4.2.0.0
2023-11-08 18:18:19,495 [WARN] PackLoader:240 - Cannot read IP mode file for STMicroelectronics.X-CUBE-TOF1.3.3.0
2023-11-08 18:18:19,555 [WARN] PackLoader:240 - Cannot read IP mode file for Infineon.AIROC-Wi-Fi-Bluetooth-STM32.1.5.1
2023-11-08 18:18:19,675 [WARN] PackLoader:240 - Cannot read IP mode file for STMicroelectronics.X-CUBE-MEMS1.10.0.0
2023-11-08 18:18:20,010 [WARN] PackLoader:240 - Cannot read IP mode file for STMicroelectronics.X-CUBE-FREERTOS.1.1.0
2023-11-08 18:18:20,032 [WARN] PackLoader:240 - Cannot read IP mode file for portGmbH.I-Cube-SoM-uGOAL.1.1.0
2023-11-08 18:18:20,078 [WARN] PackLoader:240 - Cannot read IP mode file for STMicroelectronics.X-CUBE-ALS.1.0.1
2023-11-08 18:18:20,119 [WARN] PackLoader:240 - Cannot read IP mode file for STMicroelectronics.X-CUBE-AZRTOS-WB.1.1.0
2023-11-08 18:18:20,142 [WARN] PackLoader:240 - Cannot read IP mode file for STMicroelectronics.FP-ATR-ASTRA1.2.0.0
2023-11-08 18:18:20,143 [INFO] ThirdParty:978 - Integrity check success = true
2023-11-08 18:18:20,143 [INFO] IntegrityCheckThread:100 - exiting critical section [integrity check]
2023-11-08 18:18:20,143 [INFO] IntegrityCheckThread:103 - End integrity checks thread
2023-11-08 18:18:20,144 [INFO] ThirdParty:873 - entering critical section [close project]
2023-11-08 18:18:20,146 [INFO] ThirdParty:883 - exiting critical section [close project]
2023-11-08 18:18:20,159 [INFO] PinOutPanel:1499 - setPackage(No Configuration,No Configuration)
2023-11-08 18:18:20,168 [INFO] UtilMem:75 - Begin LoadConfig() Used Memory: 491694368 Bytes (532676608)
2023-11-08 18:18:20,170 [INFO] MicroXplorer:468 - Change Database Path : 
2023-11-08 18:18:20,170 [INFO] MicroXplorer:498 - Change Database Version : DB.6.0.81
2023-11-08 18:18:20,170 [INFO] OpenFileManager:308 - Change cursor
2023-11-08 18:18:20,350 [INFO] Mcu:1937 - Initializing MCU STM32F103C6Ux STM32F103C6Ux STM32F103C6U6A
2023-11-08 18:18:21,948 [INFO] Context:659 - Trying to add GPIOservice into a context  which must be forbidden
2023-11-08 18:18:23,125 [INFO] RtosManager:555 - Registered RTOS mode: class=CMSIS, group=RTOS, mode=CMSIS_V1, owner=FREERTOS
2023-11-08 18:18:23,125 [INFO] RtosManager:555 - Registered RTOS mode: class=CMSIS, group=RTOS2, mode=CMSIS_V2, owner=FREERTOS
2023-11-08 18:18:23,125 [INFO] RtosManager:555 - Registered RTOS mode: class=RTOS, group=Core, mode=CMSIS_V1, owner=FREERTOS
2023-11-08 18:18:23,125 [INFO] RtosManager:555 - Registered RTOS mode: class=RTOS, group=Core, mode=CMSIS_V2, owner=FREERTOS
2023-11-08 18:18:23,128 [WARN] ModelIntegratedComponent:184 - Missing modes for component STMicroelectronics:FreeRTOS:0.0.1:STMicroelectronics:RTOS:FreeRTOS:Core:::10.2.0:
2023-11-08 18:18:23,162 [WARN] ModelIntegratedComponent:63 - No mode defined for component null
2023-11-08 18:18:23,162 [WARN] ModelIntegratedComponent:63 - No mode defined for component null
2023-11-08 18:18:23,162 [WARN] ModelIntegratedComponent:63 - No mode defined for component null
2023-11-08 18:18:23,162 [WARN] ModelIntegratedComponent:63 - No mode defined for component null
2023-11-08 18:18:23,162 [WARN] ModelIntegratedComponent:63 - No mode defined for component null
2023-11-08 18:18:23,162 [WARN] ModelIntegratedComponent:63 - No mode defined for component null
2023-11-08 18:18:23,163 [WARN] ModelIntegratedComponent:63 - No mode defined for component null
2023-11-08 18:18:23,163 [WARN] ModelIntegratedComponent:63 - No mode defined for component null
2023-11-08 18:18:23,163 [WARN] ModelIntegratedComponent:63 - No mode defined for component null
2023-11-08 18:18:23,163 [WARN] ModelIntegratedComponent:63 - No mode defined for component null
2023-11-08 18:18:23,163 [WARN] ModelIntegratedComponent:63 - No mode defined for component null
2023-11-08 18:18:23,163 [WARN] ModelIntegratedComponent:63 - No mode defined for component null
2023-11-08 18:18:23,163 [WARN] ModelIntegratedComponent:63 - No mode defined for component null
2023-11-08 18:18:23,163 [WARN] ModelIntegratedComponent:63 - No mode defined for component null
2023-11-08 18:18:23,164 [WARN] ModelIntegratedComponent:63 - No mode defined for component null
2023-11-08 18:18:23,164 [WARN] ModelIntegratedComponent:63 - No mode defined for component null
2023-11-08 18:18:23,164 [WARN] ModelIntegratedComponent:63 - No mode defined for component null
2023-11-08 18:18:23,164 [WARN] ModelIntegratedComponent:63 - No mode defined for component null
2023-11-08 18:18:23,164 [WARN] ModelIntegratedComponent:63 - No mode defined for component null
2023-11-08 18:18:23,164 [WARN] ModelIntegratedComponent:63 - No mode defined for component null
2023-11-08 18:18:23,164 [WARN] ModelIntegratedComponent:63 - No mode defined for component null
2023-11-08 18:18:23,164 [WARN] ModelIntegratedComponent:63 - No mode defined for component null
2023-11-08 18:18:23,164 [WARN] ModelIntegratedComponent:63 - No mode defined for component null
2023-11-08 18:18:23,164 [WARN] ModelIntegratedComponent:63 - No mode defined for component null
2023-11-08 18:18:23,164 [WARN] ModelIntegratedComponent:63 - No mode defined for component null
2023-11-08 18:18:23,165 [WARN] ModelIntegratedComponent:63 - No mode defined for component null
2023-11-08 18:18:23,165 [WARN] ModelIntegratedComponent:63 - No mode defined for component null
2023-11-08 18:18:23,165 [WARN] ModelIntegratedComponent:63 - No mode defined for component null
2023-11-08 18:18:23,165 [WARN] ModelIntegratedComponent:63 - No mode defined for component null
2023-11-08 18:18:23,165 [WARN] ModelIntegratedComponent:63 - No mode defined for component null
2023-11-08 18:18:23,165 [WARN] ModelIntegratedComponent:63 - No mode defined for component null
2023-11-08 18:18:23,165 [WARN] ModelIntegratedComponent:63 - No mode defined for component null
2023-11-08 18:18:23,165 [WARN] ModelIntegratedComponent:63 - No mode defined for component null
2023-11-08 18:18:23,329 [INFO] ThirdPartyModel:298 - Start build external matchings
2023-11-08 18:18:24,233 [INFO] ThirdPartyModel:316 - End build external matchings
2023-11-08 18:18:24,559 [INFO] UtilMem:75 - End LoadConfig() Used Memory: 486039520 Bytes (613416960)
2023-11-08 18:18:24,726 [INFO] ApiDb:581 - Connected to CubeFinder SQLite database (C:\Users\Admin\.stmcufinder\plugins\mcufinder\mcu\cube-finder-db.db)
2023-11-08 18:18:24,898 [INFO] ApiDb:668 - CubeFinder database Data Model version=2.1
2023-11-08 18:18:24,898 [INFO] ApiDb:669 - CubeFinder database Configuration version=3.0.37
2023-11-08 18:18:24,898 [INFO] ApiDb:670 - CubeFinder database generation date=2023-10-13 (1697197505)
2023-11-08 18:18:24,898 [INFO] ApiDb:671 - CubeFinder database FW Pack versions=[FP-ATR-ASTRA1_V2.0.0, FP-SNS-FLIGHT1_V5.0.1, FP-SNS-FLIGHT1_V5.0.2, FP-SNS-MOTENV1_V4.3.1, FP-SNS-MOTENV1_V4.3.2, FP-SNS-SMARTAG2_V1.2.0, I-CUBE-ITTIADB_V8.6.3-1, STM32Cube_FW_C0_V1.1.0, STM32Cube_FW_F4_V1.27.1, STM32Cube_FW_F7_V1.17.0, STM32Cube_FW_G0_V1.6.1, STM32Cube_FW_G4_V1.5.1, STM32Cube_FW_H5_V0.5.1, STM32Cube_FW_H5_V1.1.1, STM32Cube_FW_H7_V1.11.0, STM32Cube_FW_L0_V1.12.2, STM32Cube_FW_L5_V1.5.0, STM32Cube_FW_U5_V1.3.0, STM32Cube_FW_U5_V1.3.0RC4, STM32Cube_FW_WBA_V1.0.0RC1, STM32Cube_FW_WBA_V1.1.0RC1, STM32Cube_FW_WBA_V1.1.1, STM32Cube_FW_WB_V1.15.0RC1, STM32Cube_FW_WB_V1.16.0, STM32Cube_FW_WB_V1.16.0RC2, STM32Cube_FW_WB_V1.17.3, STM32Cube_FW_WL_V1.3.0, X-CUBE-ALGOBUILD_V1.3.0, X-CUBE-ALS_V1.0.1, X-CUBE-AZRTOS-F4_V1.1.0, X-CUBE-AZRTOS-F7_V1.1.0, X-CUBE-AZRTOS-G0_V1.1.0, X-CUBE-AZRTOS-G4_V2.0.0, X-CUBE-AZRTOS-H7_V3.1.0, X-CUBE-AZRTOS-L4_V1.0.0, X-CUBE-AZRTOS-L4_V2.0.0, X-CUBE-AZRTOS-L5_V1.1.0, X-CUBE-AZRTOS-WB_V2.0.0, X-CUBE-AZRTOS-WL_V2.0.0, X-CUBE-BLE1_V7.0.0, X-CUBE-BLE2_V3.3.0, X-CUBE-BLEMGR_V2.0.0, X-CUBE-EEPRMA1_V4.1.0, X-CUBE-FREERTOS_V1.1.0, X-CUBE-GNSS1_V6.0.0, X-CUBE-MEMS1_V10.0.0, X-CUBE-MEMS1_V9.1.0, X-CUBE-MEMS1_V9.4.0, X-CUBE-MEMS1_V9.6.0, X-CUBE-NFC4_V3.0.0, X-CUBE-NFC7_V1.0.1, X-CUBE-SFXS2LP1_V4.0.0, X-CUBE-SUBG2_V5.0.0, X-CUBE-TOF1_V3.3.1]
2023-11-08 18:18:28,260 [INFO] ApiDb:240 - Found 297 in-development CPN: [B-G473E-ZEST1S, B-WB1M-WPAN1, B-WL5M-SUBG1, NUCLEO-C031C6, NUCLEO-H503RB, NUCLEO-H563ZI, NUCLEO-U545RE-Q, NUCLEO-U5A5ZJ-Q, NUCLEO-WBA52CG, STEVAL-PROTEUS1, STEVAL-STWINBX1, STM320518-EVAL, STM32C0116-DK, STM32C011D6Y3TR, STM32C011D6Y6TR, STM32C011F4P3, STM32C011F4P6, STM32C011F4U3, STM32C011F4U6TR, STM32C011F6P3, STM32C011F6P6, STM32C011F6U3, STM32C011F6U6TR, STM32C011J4M3, STM32C011J4M6, STM32C011J6M3, STM32C011J6M6, STM32C0316-DK, STM32C031C4T3, STM32C031C4T6, STM32C031C4U3, STM32C031C4U6, STM32C031C6T3, STM32C031C6T6, STM32C031C6U3, STM32C031C6U6, STM32C031F4P3, STM32C031F4P6, STM32C031F6P3, STM32C031F6P6, STM32C031G4U3, STM32C031G4U6, STM32C031G6U3, STM32C031G6U6, STM32C031K4T3, STM32C031K4T6, STM32C031K4U3, STM32C031K4U6, STM32C031K6T3, STM32C031K6T6, STM32C031K6U3, STM32C031K6U6, STM32G071K8TXN, STM32G071K8UXN, STM32G081GBU6N, STM32G081KBT6N, STM32G081KBUXN, STM32G0B1CCT6N, STM32G0B1KCT6, STM32G0B1NEY6TR, STM32G0B1RCT6N, STM32G0C1CCT6, STM32G0C1CCT6N, STM32G0C1CCU6N, STM32G0C1CET6N, STM32G0C1CEU6N, STM32G0C1KCT6, STM32G0C1NEY6TR, STM32G0C1RCI6N, STM32G0C1RCT6N, STM32G0C1REI6N, STM32G0C1RET6N, STM32G0C1VCI6, STM32G0C1VEI6, STM32G471CCT6, STM32G471CCU6, STM32G471CET3, STM32G471CET6, STM32G471CEU3, STM32G471CEU6, STM32G471MCT6, STM32G471MET3, STM32G471MET6, STM32G471MEY6TR, STM32G471QCT6, STM32G471QET3, STM32G471RCT6, STM32G471RET3, STM32G471RET6, STM32G471VCH6, STM32G471VCI6, STM32G471VCT6, STM32G471VEH3, STM32G471VEH6, STM32G471VEI3, STM32G471VEI6, STM32G471VET3, STM32G471VET6, STM32G474CCT6, STM32H503CBT6, STM32H503CBU6, STM32H503EBY6TR, STM32H503KBU6, STM32H503RBT6, STM32H562AGI6, STM32H562AII6, STM32H562IGK6, STM32H562IGT6, STM32H562IIK6, STM32H562IIT6, STM32H562RGT6, STM32H562RGV6, STM32H562RIT6, STM32H562RIV6, STM32H562VGT6, STM32H562VIT6, STM32H562ZGT6, STM32H562ZIT6, STM32H563AGI6, STM32H563AII3Q, STM32H563AII6, STM32H563IGK6, STM32H563IGT6, STM32H563IIK3Q, STM32H563IIK6, STM32H563IIT3Q, STM32H563IIT6, STM32H563MIY3QTR, STM32H563RGT6, STM32H563RGV6, STM32H563RIT6, STM32H563RIV6, STM32H563VGT6, STM32H563VIT3Q, STM32H563VIT6, STM32H563ZGT6, STM32H563ZIT3Q, STM32H563ZIT6, STM32H573AII3Q, STM32H573AII6, STM32H573I-DK, STM32H573IIK3Q, STM32H573IIK6, STM32H573IIT3Q, STM32H573IIT6, STM32H573MIY3QTR, STM32H573RIT6, STM32H573RIV6, STM32H573VIT3Q, STM32H573VIT6, STM32H573ZIT3Q, STM32H573ZIT6, STM32L4R5QGI6STR, STM32MP131AAE3, STM32MP131AAF3, STM32MP131AAG3, STM32MP131CAE3, STM32MP131CAF3, STM32MP131CAG3, STM32MP131DAE7, STM32MP131DAF7, STM32MP131DAG7, STM32MP131FAE7, STM32MP131FAF7, STM32MP131FAG7, STM32MP133AAE3, STM32MP133AAF3, STM32MP133AAG3, STM32MP133CAE3, STM32MP133CAF3, STM32MP133CAG3, STM32MP133DAE7, STM32MP133DAF7, STM32MP133DAG7, STM32MP133FAE7, STM32MP133FAF7, STM32MP133FAG7, STM32MP135AAE3, STM32MP135AAF3, STM32MP135AAG3, STM32MP135CAE3, STM32MP135CAF3, STM32MP135CAG3, STM32MP135DAE7, STM32MP135DAF7, STM32MP135DAG7, STM32MP135F-DK, STM32MP135FAE7, STM32MP135FAF7, STM32MP135FAF7T, STM32MP135FAF7U, STM32MP135FAG7, STM32U535CBT6, STM32U535CBT6Q, STM32U535CBU6, STM32U535CBU6Q, STM32U535CCT6, STM32U535CCT6Q, STM32U535CCU6, STM32U535CCU6Q, STM32U535CET6, STM32U535CET6Q, STM32U535CEU6, STM32U535CEU6Q, STM32U535JEY6QTR, STM32U535NCY6QTR, STM32U535NEY6QTR, STM32U535RBI6, STM32U535RBI6Q, STM32U535RBT6, STM32U535RBT6Q, STM32U535RCI6, STM32U535RCI6Q, STM32U535RCT6, STM32U535RCT6Q, STM32U535REI6, STM32U535REI6Q, STM32U535RET6, STM32U535RET6Q, STM32U535VCI6, STM32U535VCI6Q, STM32U535VCT6, STM32U535VCT6Q, STM32U535VEI6, STM32U535VEI6Q, STM32U535VET6, STM32U535VET6Q, STM32U545CET6, STM32U545CET6Q, STM32U545CEU6, STM32U545CEU6Q, STM32U545JEY6QTR, STM32U545NEY6QTR, STM32U545REI6, STM32U545REI6Q, STM32U545RET6, STM32U545RET6Q, STM32U545VEI6, STM32U545VEI6Q, STM32U545VET6, STM32U545VET6Q, STM32U595AIH6, STM32U595AIH6Q, STM32U595AJH6, STM32U595AJH6Q, STM32U595QII6, STM32U595QII6Q, STM32U595QJI6, STM32U595QJI6Q, STM32U595RIT6, STM32U595RIT6Q, STM32U595RJT6, STM32U595RJT6Q, STM32U595VIT6, STM32U595VIT6Q, STM32U595VJT6, STM32U595VJT6Q, STM32U595ZIT6, STM32U595ZIT6Q, STM32U595ZIY6QTR, STM32U595ZJT6, STM32U595ZJT6Q, STM32U595ZJY6QTR, STM32U599BJY6QTR, STM32U599NIH6Q, STM32U599NJH6Q, STM32U599VIT6Q, STM32U599VJT6, STM32U599VJT6Q, STM32U599ZIT6Q, STM32U599ZIY6QTR, STM32U599ZJT6Q, STM32U599ZJY6QTR, STM32U5A5AJH6, STM32U5A5AJH6Q, STM32U5A5QJI6, STM32U5A5QJI6Q, STM32U5A5RJT6, STM32U5A5RJT6Q, STM32U5A5VJT6, STM32U5A5VJT6Q, STM32U5A5ZJT6, STM32U5A5ZJT6Q, STM32U5A5ZJY6QTR, STM32U5A9BJY6QTR, STM32U5A9J-DK, STM32U5A9NJH6Q, STM32U5A9VJT6Q, STM32U5A9ZJT6Q, STM32U5A9ZJY6QTR, STM32WB1MMCH6, STM32WBA52CEU6, STM32WBA52CEU6T, STM32WBA52CGU6, STM32WBA52CGU6T, STM32WL5MOCH6, STM32WL5MOCH6TR]
2023-11-08 18:18:28,264 [INFO] DbMcus:216 - Found 3825 MCUs, 3825 are supported
2023-11-08 18:18:28,268 [INFO] ApiDb:423 - Load user favorites file C:\Users\Admin/.stm32cubeide/favorites.mcus.txt: 0 item(s)
2023-11-08 18:18:28,269 [INFO] ApiDb:427 - User favorites MCUs=[]
2023-11-08 18:18:28,269 [INFO] DbMcus:222 - Set 0 / 0 favorites MCUs
2023-11-08 18:18:28,990 [WARN] ThirdParty:833 - waiting for thirdparty lock release [change project]
2023-11-08 18:18:28,991 [INFO] ThirdParty:835 - entering critical section [change project]
2023-11-08 18:18:28,991 [INFO] ThirdParty:1030 - CMSIS Pack Vendor :STMicroelectronics X-CUBE-ISPU 1.1.0
2023-11-08 18:18:28,991 [INFO] ThirdParty:1030 - CMSIS Pack Vendor :STMicroelectronics X-CUBE-GNSS1 6.0.0
2023-11-08 18:18:28,991 [INFO] ThirdParty:1030 - CMSIS Pack Vendor :STMicroelectronics USB_HOST 2.0.0
2023-11-08 18:18:28,991 [INFO] ThirdParty:1030 - CMSIS Pack Vendor :STMicroelectronics X-CUBE-AZRTOS-F4 1.1.0
2023-11-08 18:18:28,991 [INFO] ThirdParty:1030 - CMSIS Pack Vendor :STMicroelectronics LIBJPEG 8.0.0
2023-11-08 18:18:28,992 [INFO] ThirdParty:1030 - CMSIS Pack Vendor :STMicroelectronics X-CUBE-SMBUS 2.1.0
2023-11-08 18:18:28,992 [INFO] ThirdParty:1030 - CMSIS Pack Vendor :wolfSSL I-CUBE-wolfSSL 5.6.0
2023-11-08 18:18:28,992 [INFO] ThirdParty:1030 - CMSIS Pack Vendor :STMicroelectronics USB_DEVICE 3.0.0
2023-11-08 18:18:28,992 [INFO] ThirdParty:1030 - CMSIS Pack Vendor :STMicroelectronics X-CUBE-AZRTOS-WB 2.0.0
2023-11-08 18:18:28,992 [INFO] ThirdParty:1030 - CMSIS Pack Vendor :STMicroelectronics X-CUBE-FREERTOS 1.0.1
2023-11-08 18:18:28,992 [INFO] ThirdParty:1030 - CMSIS Pack Vendor :STMicroelectronics X-CUBE-AZRTOS-F7 1.1.0
2023-11-08 18:18:28,992 [INFO] ThirdParty:1030 - CMSIS Pack Vendor :STMicroelectronics X-CUBE-TOUCHGFX 4.21.4
2023-11-08 18:18:28,992 [INFO] ThirdParty:1030 - CMSIS Pack Vendor :STMicroelectronics X-CUBE-AZRTOS-L5 2.0.0
2023-11-08 18:18:28,992 [INFO] ThirdParty:1030 - CMSIS Pack Vendor :STMicroelectronics USB_DEVICE 2.0.0
2023-11-08 18:18:28,992 [INFO] ThirdParty:1030 - CMSIS Pack Vendor :STMicroelectronics X-CUBE-MEMS1 9.6.0
2023-11-08 18:18:28,993 [INFO] ThirdParty:1030 - CMSIS Pack Vendor :STMicroelectronics X-CUBE-EEPRMA1 4.2.0
2023-11-08 18:18:28,993 [INFO] ThirdParty:1030 - CMSIS Pack Vendor :ITTIA_DB I-CUBE-ITTIADB 8.8.0
2023-11-08 18:18:28,993 [INFO] ThirdParty:1030 - CMSIS Pack Vendor :STMicroelectronics FP-SNS-MOTENV1 4.3.2
2023-11-08 18:18:28,993 [INFO] ThirdParty:1030 - CMSIS Pack Vendor :STMicroelectronics FP-SNS-MOTENV1 4.3.1
2023-11-08 18:18:28,993 [INFO] ThirdParty:1030 - CMSIS Pack Vendor :STMicroelectronics FP-SNS-FLIGHT1 5.0.1
2023-11-08 18:18:28,993 [INFO] ThirdParty:1030 - CMSIS Pack Vendor :STMicroelectronics X-CUBE-ALGOBUILD 1.3.0
2023-11-08 18:18:28,993 [INFO] ThirdParty:1030 - CMSIS Pack Vendor :STMicroelectronics X-CUBE-BLE1 6.2.4
2023-11-08 18:18:28,993 [INFO] ThirdParty:1030 - CMSIS Pack Vendor :STMicroelectronics X-CUBE-AZRTOS-L5 1.1.0
2023-11-08 18:18:28,993 [INFO] ThirdParty:1030 - CMSIS Pack Vendor :STMicroelectronics FreeRTOS 0.0.1
2023-11-08 18:18:28,993 [INFO] ThirdParty:1030 - CMSIS Pack Vendor :STMicroelectronics X-CUBE-AZRTOS-G0 1.1.0
2023-11-08 18:18:28,994 [INFO] ThirdParty:1030 - CMSIS Pack Vendor :emotas I-CUBE-CANOPEN 1.1.3
2023-11-08 18:18:28,994 [INFO] ThirdParty:1030 - CMSIS Pack Vendor :STMicroelectronics X-CUBE-BLEMGR 2.0.0
2023-11-08 18:18:28,994 [INFO] ThirdParty:1030 - CMSIS Pack Vendor :STMicroelectronics X-CUBE-AI 8.0.1
2023-11-08 18:18:28,994 [INFO] ThirdParty:1030 - CMSIS Pack Vendor :STMicroelectronics X-CUBE-NFC4 3.0.0
2023-11-08 18:18:28,994 [INFO] ThirdParty:1030 - CMSIS Pack Vendor :STMicroelectronics X-CUBE-SUBG2 5.0.0
2023-11-08 18:18:28,994 [INFO] ThirdParty:1030 - CMSIS Pack Vendor :STMicroelectronics STM32_WPAN 1.0.0
2023-11-08 18:18:28,994 [INFO] ThirdParty:1030 - CMSIS Pack Vendor :STMicroelectronics lwIP 2.0.3
2023-11-08 18:18:28,994 [INFO] ThirdParty:1030 - CMSIS Pack Vendor :STMicroelectronics USB_HOST 1.0.0
2023-11-08 18:18:28,994 [INFO] ThirdParty:1030 - CMSIS Pack Vendor :STMicroelectronics X-CUBE-TOF1 3.3.1
2023-11-08 18:18:28,994 [INFO] ThirdParty:1030 - CMSIS Pack Vendor :STMicroelectronics X-CUBE-AZRTOS-G4 2.0.0
2023-11-08 18:18:28,994 [INFO] ThirdParty:1030 - CMSIS Pack Vendor :STMicroelectronics PDM2PCM 3.1.0
2023-11-08 18:18:28,994 [INFO] ThirdParty:1030 - CMSIS Pack Vendor :STMicroelectronics X-CUBE-AZRTOS-H7 3.1.0
2023-11-08 18:18:28,995 [INFO] ThirdParty:1030 - CMSIS Pack Vendor :STMicroelectronics X-CUBE-TOF1 3.3.0
2023-11-08 18:18:28,995 [INFO] ThirdParty:1030 - CMSIS Pack Vendor :Infineon AIROC-Wi-Fi-Bluetooth-STM32 1.5.1
2023-11-08 18:18:28,995 [INFO] ThirdParty:1030 - CMSIS Pack Vendor :STMicroelectronics X-CUBE-BLEMGR 3.0.0
2023-11-08 18:18:28,995 [INFO] ThirdParty:1030 - CMSIS Pack Vendor :STMicroelectronics PDM2PCM 3.3.0
2023-11-08 18:18:28,995 [INFO] ThirdParty:1030 - CMSIS Pack Vendor :STMicroelectronics X-CUBE-DISPLAY 3.0.0
2023-11-08 18:18:28,995 [INFO] ThirdParty:1030 - CMSIS Pack Vendor :STMicroelectronics FP-ATR-SIGFOX1 3.2.0
2023-11-08 18:18:28,995 [INFO] ThirdParty:1030 - CMSIS Pack Vendor :STMicroelectronics HAL Drivers 0.0.0
2023-11-08 18:18:28,995 [INFO] ThirdParty:1030 - CMSIS Pack Vendor :STMicroelectronics MBEDTLS 2.16.2
2023-11-08 18:18:28,995 [INFO] ThirdParty:1030 - CMSIS Pack Vendor :STMicroelectronics X-CUBE-MEMS1 10.0.0
2023-11-08 18:18:28,995 [INFO] ThirdParty:1030 - CMSIS Pack Vendor :STMicroelectronics X-CUBE-FREERTOS 1.1.0
2023-11-08 18:18:28,996 [INFO] ThirdParty:1030 - CMSIS Pack Vendor :STMicroelectronics X-CUBE-TOUCHGFX 4.22.0
2023-11-08 18:18:28,996 [INFO] ThirdParty:1030 - CMSIS Pack Vendor :STMicroelectronics X-CUBE-NFC7 1.0.1
2023-11-08 18:18:28,996 [INFO] ThirdParty:1030 - CMSIS Pack Vendor :STMicroelectronics MBEDTLS 2.14.1
2023-11-08 18:18:28,996 [INFO] ThirdParty:1030 - CMSIS Pack Vendor :STMicroelectronics X-CUBE-TOUCHGFX 4.22.1
2023-11-08 18:18:28,996 [INFO] ThirdParty:1030 - CMSIS Pack Vendor :STMicroelectronics X-CUBE-NFC6 3.0.0
2023-11-08 18:18:28,996 [INFO] ThirdParty:1030 - CMSIS Pack Vendor :STMicroelectronics X-CUBE-EEPRMA1 4.1.0
2023-11-08 18:18:28,996 [INFO] ThirdParty:1030 - CMSIS Pack Vendor :portGmbH I-Cube-SoM-uGOAL 1.1.0
2023-11-08 18:18:28,996 [INFO] ThirdParty:1030 - CMSIS Pack Vendor :STMicroelectronics X-CUBE-ALS 1.0.1
2023-11-08 18:18:28,997 [INFO] ThirdParty:1030 - CMSIS Pack Vendor :STMicroelectronics ThreadX 1.0.0
2023-11-08 18:18:28,997 [INFO] ThirdParty:1030 - CMSIS Pack Vendor :STMicroelectronics FP-SNS-SMARTAG2 1.2.0
2023-11-08 18:18:28,997 [INFO] ThirdParty:1030 - CMSIS Pack Vendor :STMicroelectronics X-CUBE-AZRTOS-WB 1.1.0
2023-11-08 18:18:28,997 [INFO] ThirdParty:1030 - CMSIS Pack Vendor :STMicroelectronics X-CUBE-AZRTOS-WL 2.0.0
2023-11-08 18:18:28,997 [INFO] ThirdParty:1030 - CMSIS Pack Vendor :SEGGER I-CUBE-embOS 1.3.1
2023-11-08 18:18:28,997 [INFO] ThirdParty:1030 - CMSIS Pack Vendor :STMicroelectronics USB_DEVICE 1.0.0
2023-11-08 18:18:28,997 [INFO] ThirdParty:1030 - CMSIS Pack Vendor :STMicroelectronics X-CUBE-AZRTOS-L4 2.0.0
2023-11-08 18:18:28,997 [INFO] ThirdParty:1030 - CMSIS Pack Vendor :STMicroelectronics ThreadX 0.0.2
2023-11-08 18:18:28,998 [INFO] ThirdParty:1030 - CMSIS Pack Vendor :WES I-CUBE-Cesium 1.3.0
2023-11-08 18:18:28,998 [INFO] ThirdParty:1030 - CMSIS Pack Vendor :STMicroelectronics FP-ATR-ASTRA1 2.0.0
2023-11-08 18:18:28,998 [INFO] ThirdParty:1030 - CMSIS Pack Vendor :STMicroelectronics lwIP 2.1.2
2023-11-08 18:18:28,998 [INFO] ThirdParty:1030 - CMSIS Pack Vendor :STMicroelectronics X-CUBE-SFXS2LP1 4.0.0
2023-11-08 18:18:28,998 [INFO] ThirdParty:1030 - CMSIS Pack Vendor :STMicroelectronics X-CUBE-BLE2 3.3.0
2023-11-08 18:18:28,998 [INFO] ThirdParty:1030 - CMSIS Pack Vendor :STMicroelectronics PDM2PCM 3.2.0
2023-11-08 18:18:28,998 [INFO] ThirdParty:841 - exiting critical section [change project]
2023-11-08 18:18:29,878 [INFO] PinOutPanel:1499 - setPackage(No Configuration,No Configuration)
2023-11-08 18:18:29,883 [INFO] PinOutPanel:1499 - setPackage(STM32F103C6Ux,UFQFPN48)
2023-11-08 18:18:31,602 [INFO] UtilMem:75 - Before build in PCC Used Memory: 533750496 Bytes (613416960)
2023-11-08 18:18:34,716 [INFO] UtilMem:75 - After build in PCC Used Memory: 514269568 Bytes (613416960)
2023-11-08 18:18:34,822 [INFO] IPUIPlugin:80 - create IPUIPlugin
2023-11-08 18:18:34,822 [INFO] IPUIPlugin:80 - create IPUIPlugin
2023-11-08 18:18:34,822 [INFO] IPUIPlugin:80 - create IPUIPlugin
2023-11-08 18:18:34,823 [INFO] IPUIPlugin:80 - create IPUIPlugin
2023-11-08 18:18:34,823 [INFO] IPUIPlugin:80 - create IPUIPlugin
2023-11-08 18:18:34,823 [INFO] IPUIPlugin:80 - create IPUIPlugin
2023-11-08 18:18:34,823 [INFO] IPUIPlugin:80 - create IPUIPlugin
2023-11-08 18:18:34,823 [INFO] IPUIPlugin:80 - create IPUIPlugin
2023-11-08 18:18:34,824 [INFO] IPUIPlugin:80 - create IPUIPlugin
2023-11-08 18:18:34,824 [INFO] IPUIPlugin:80 - create IPUIPlugin
2023-11-08 18:18:34,825 [INFO] IPUIPlugin:80 - create IPUIPlugin
2023-11-08 18:18:34,825 [INFO] IPUIPlugin:80 - create IPUIPlugin
2023-11-08 18:18:34,828 [INFO] IPUIPlugin:80 - create IPUIPlugin
2023-11-08 18:18:34,829 [INFO] IPUIPlugin:80 - create IPUIPlugin
2023-11-08 18:18:34,829 [INFO] IPUIPlugin:80 - create IPUIPlugin
2023-11-08 18:18:34,829 [INFO] IPUIPlugin:80 - create IPUIPlugin
2023-11-08 18:18:34,830 [INFO] IPUIPlugin:80 - create IPUIPlugin
2023-11-08 18:18:34,830 [INFO] IPUIPlugin:80 - create IPUIPlugin
2023-11-08 18:18:34,830 [INFO] IPUIPlugin:80 - create IPUIPlugin
2023-11-08 18:18:34,831 [INFO] IPUIPlugin:80 - create IPUIPlugin
2023-11-08 18:18:34,832 [INFO] IPUIPlugin:80 - create IPUIPlugin
2023-11-08 18:18:34,832 [INFO] IPUIPlugin:80 - create IPUIPlugin
2023-11-08 18:18:34,832 [INFO] IPUIPlugin:80 - create IPUIPlugin
2023-11-08 18:18:35,571 [INFO] CADModel:165 - CPN selected for project levelSTM32F103C6U6A
2023-11-08 18:18:35,571 [INFO] CADModel:114 - Register for checkConnection events
2023-11-08 18:18:35,639 [INFO] OpenFileManager:328 - Restore cursor
2023-11-08 18:19:03,722 [INFO] NvicIntPanel:101 - NVIC parent = com.st.microxplorer.plugins.ip.nvic.MultiNvicIntPanel[,0,0,450x159,layout=javax.swing.BoxLayout,alignmentX=0.0,alignmentY=0.0,border=,flags=9,maximumSize=,minimumSize=,preferredSize=]
2023-11-08 18:19:12,344 [INFO] NvicIntPanel:101 - NVIC parent = com.st.microxplorer.plugins.ip.nvic.MultiNvicIntPanel[,0,0,0x0,invalid,layout=javax.swing.BoxLayout,alignmentX=0.0,alignmentY=0.0,border=,flags=9,maximumSize=,minimumSize=,preferredSize=]
2023-11-08 18:19:18,932 [INFO] NvicIntPanel:101 - NVIC parent = com.st.microxplorer.plugins.ip.nvic.MultiNvicIntPanel[,0,0,0x0,invalid,layout=javax.swing.BoxLayout,alignmentX=0.0,alignmentY=0.0,border=,flags=9,maximumSize=,minimumSize=,preferredSize=]
2023-11-08 18:19:20,661 [INFO] NvicIntPanel:101 - NVIC parent = com.st.microxplorer.plugins.ip.nvic.MultiNvicIntPanel[,0,0,0x0,invalid,layout=javax.swing.BoxLayout,alignmentX=0.0,alignmentY=0.0,border=,flags=9,maximumSize=,minimumSize=,preferredSize=]
2023-11-08 18:19:21,907 [INFO] NvicIntPanel:101 - NVIC parent = com.st.microxplorer.plugins.ip.nvic.MultiNvicIntPanel[,0,0,0x0,invalid,layout=javax.swing.BoxLayout,alignmentX=0.0,alignmentY=0.0,border=,flags=9,maximumSize=,minimumSize=,preferredSize=]
2023-11-08 18:19:55,406 [INFO] NvicIntPanel:101 - NVIC parent = com.st.microxplorer.plugins.ip.nvic.MultiNvicIntPanel[,0,0,0x0,invalid,layout=javax.swing.BoxLayout,alignmentX=0.0,alignmentY=0.0,border=,flags=9,maximumSize=,minimumSize=,preferredSize=]
2023-11-08 18:20:01,058 [INFO] NvicIntPanel:101 - NVIC parent = com.st.microxplorer.plugins.ip.nvic.MultiNvicIntPanel[,0,0,0x0,invalid,layout=javax.swing.BoxLayout,alignmentX=0.0,alignmentY=0.0,border=,flags=9,maximumSize=,minimumSize=,preferredSize=]
2023-11-08 18:20:05,934 [INFO] NvicIntPanel:101 - NVIC parent = com.st.microxplorer.plugins.ip.nvic.MultiNvicIntPanel[,0,0,0x0,invalid,layout=javax.swing.BoxLayout,alignmentX=0.0,alignmentY=0.0,border=,flags=9,maximumSize=,minimumSize=,preferredSize=]
2023-11-08 18:20:12,941 [INFO] NvicIntPanel:101 - NVIC parent = com.st.microxplorer.plugins.ip.nvic.MultiNvicIntPanel[,0,0,0x0,invalid,layout=javax.swing.BoxLayout,alignmentX=0.0,alignmentY=0.0,border=,flags=9,maximumSize=,minimumSize=,preferredSize=]
2023-11-08 18:21:32,757 [INFO] UtilMem:75 - End SaveConfig() Used Memory: 510250240 Bytes (613416960)
2023-11-08 18:21:33,921 [INFO] UtilMem:75 - End SaveConfig() Used Memory: 523831728 Bytes (613416960)
2023-11-08 18:21:36,356 [INFO] UtilMem:75 - End SaveConfig() Used Memory: 509003264 Bytes (613416960)
2023-11-08 18:21:37,784 [INFO] BlockDiagram:2759 - set Specific Code input for plugin: NVIC
2023-11-08 18:21:37,785 [INFO] BlockDiagram:2759 - set Specific Code input for plugin: GPIO
2023-11-08 18:21:37,785 [INFO] BlockDiagram:2759 - set Specific Code input for plugin: RCC
2023-11-08 18:21:37,785 [INFO] BlockDiagram:2759 - set Specific Code input for plugin: TIM1_8F1
2023-11-08 18:21:37,785 [INFO] BlockDiagram:2759 - set Specific Code input for plugin: TIM1_8F1
2023-11-08 18:21:37,786 [INFO] CodeGenerator:793 - code generatio: config db path: C:\ST\STM32CubeIDE_1.12.1\STM32CubeIDE\plugins\com.st.stm32cube.common.mx_6.8.1.202304191431\\db\
2023-11-08 18:21:38,697 [INFO] CodeEngine:255 - oldGeneratedFile, D:\231_semester\Microprocessor\lab_3_demo_2\lab_3\MXTmpFiles\license.tmp_save
2023-11-08 18:21:39,834 [INFO] CodeEngine:279 - Generated code: D:\231_semester\Microprocessor\lab_3_demo_2\lab_3\MXTmpFiles\license.tmp
2023-11-08 18:21:40,222 [INFO] CodeEngine:255 - oldGeneratedFile, D:\231_semester\Microprocessor\lab_3_demo_2\lab_3\MXTmpFiles\gpio.tmp_save
2023-11-08 18:21:40,631 [INFO] CodeEngine:279 - Generated code: D:\231_semester\Microprocessor\lab_3_demo_2\lab_3\MXTmpFiles\gpio.tmp
2023-11-08 18:21:41,081 [INFO] CodeEngine:255 - oldGeneratedFile, D:\231_semester\Microprocessor\lab_3_demo_2\lab_3\Core\Src\stm32f1xx_it.c_save
2023-11-08 18:21:41,562 [INFO] CodeEngine:279 - Generated code: D:\231_semester\Microprocessor\lab_3_demo_2\lab_3\Core\Src\stm32f1xx_it.c
2023-11-08 18:21:41,593 [INFO] CodeEngine:255 - oldGeneratedFile, D:\231_semester\Microprocessor\lab_3_demo_2\lab_3\Core\Inc\stm32f1xx_it.h_save
2023-11-08 18:21:41,831 [INFO] CodeEngine:279 - Generated code: D:\231_semester\Microprocessor\lab_3_demo_2\lab_3\Core\Inc\stm32f1xx_it.h
2023-11-08 18:21:42,049 [INFO] CodeEngine:255 - oldGeneratedFile, D:\231_semester\Microprocessor\lab_3_demo_2\lab_3\Core\Src\stm32f1xx_hal_msp.c_save
2023-11-08 18:21:42,606 [INFO] CodeEngine:279 - Generated code: D:\231_semester\Microprocessor\lab_3_demo_2\lab_3\Core\Src\stm32f1xx_hal_msp.c
2023-11-08 18:21:42,631 [INFO] CodeEngine:255 - oldGeneratedFile, D:\231_semester\Microprocessor\lab_3_demo_2\lab_3\MXTmpFiles\system.tmp_save
2023-11-08 18:21:42,802 [INFO] CodeEngine:279 - Generated code: D:\231_semester\Microprocessor\lab_3_demo_2\lab_3\MXTmpFiles\system.tmp
2023-11-08 18:21:42,853 [INFO] CodeEngine:311 - oldGeneratedFile, D:\231_semester\Microprocessor\lab_3_demo_2\lab_3\Core\Inc\stm32f1xx_hal_conf.h_save
2023-11-08 18:21:43,339 [INFO] CodeEngine:335 - Generated code: D:\231_semester\Microprocessor\lab_3_demo_2\lab_3\Core\Inc\stm32f1xx_hal_conf.h
2023-11-08 18:21:43,447 [WARN] IPConfigManager:3431 - IP not found : TIM
2023-11-08 18:21:43,453 [WARN] CodeGenerator:3754 - IP not found : null
2023-11-08 18:21:43,500 [INFO] CodeEngine:255 - oldGeneratedFile, D:\231_semester\Microprocessor\lab_3_demo_2\lab_3\Core\Inc\main.h_save
2023-11-08 18:21:43,935 [INFO] CodeEngine:279 - Generated code: D:\231_semester\Microprocessor\lab_3_demo_2\lab_3\Core\Inc\main.h
2023-11-08 18:21:43,999 [INFO] CodeEngine:255 - oldGeneratedFile, D:\231_semester\Microprocessor\lab_3_demo_2\lab_3\Core\Src\main.c_save
2023-11-08 18:21:44,412 [INFO] CodeEngine:279 - Generated code: D:\231_semester\Microprocessor\lab_3_demo_2\lab_3\Core\Src\main.c
2023-11-08 18:21:46,213 [INFO] ProjectBuilder:2996 - Time for Copy HAL[1] : 247mS.
2023-11-08 18:21:46,239 [INFO] ProjectBuilder:4304 - Project Generator version: 3.19.2
2023-11-08 18:21:47,164 [INFO] ConfigFileManager:1483 - The Die is : DIE412
2023-11-08 18:21:47,193 [INFO] ApiDbMcu:507 - Load IP Config File for FATFS
2023-11-08 18:21:47,212 [INFO] ApiDbMcu:507 - Load IP Config File for FREERTOS
2023-11-08 18:21:47,230 [INFO] ApiDbMcu:507 - Load IP Config File for USB_DEVICE
2023-11-08 18:21:49,400 [INFO] LogOutputStream:77 - [STDOUT_REDIRECT] 
2023-11-08 18:21:54,249 [INFO] ProjectBuilder:4505 - Time for Generating toolchain IDE Files: 8007mS.
2023-11-08 18:21:54,251 [INFO] ProjectBuilder:2867 - Time for Copy CMSIS : 1mS.
2023-11-08 18:21:54,254 [INFO] ProjectBuilder:2867 - Time for Copy CMSIS : 0mS.
2023-11-08 19:39:15,844 [INFO] Activator:176 - 


2023-11-08 19:39:15,849 [INFO] Activator:177 - !SESSION log4j initialized
2023-11-08 19:39:28,561 [INFO] LogOutputStream:77 - [STDOUT_REDIRECT] 
2023-11-08 19:39:52,335 [ERROR] LogOutputStream:75 - [STDERR_REDIRECT] SLF4J: Failed to load class "org.slf4j.impl.StaticLoggerBinder".
2023-11-08 19:39:52,336 [ERROR] LogOutputStream:75 - [STDERR_REDIRECT] SLF4J: Defaulting to no-operation (NOP) logger implementation
2023-11-08 19:39:52,340 [ERROR] LogOutputStream:75 - [STDERR_REDIRECT] SLF4J: See http://www.slf4j.org/codes.html#StaticLoggerBinder for further details.
