2023-10-25 22:31:07,871 [INFO] Activator:176 - 


2023-10-25 22:31:07,875 [INFO] Activator:177 - !SESSION log4j initialized
2023-10-25 22:31:12,554 [INFO] LogOutputStream:77 - [STDOUT_REDIRECT] 
2023-10-25 22:31:19,151 [INFO] ApplicationProperties:184 - Using Application install path: C:\ST\STM32CubeIDE_1.12.1\STM32CubeIDE\plugins\com.st.stm32cube.common.mx_6.8.1.202304191431
2023-10-25 22:31:19,191 [INFO] DbMcusXml:78 - Set database path to: C:\ST\STM32CubeIDE_1.12.1\STM32CubeIDE\plugins\com.st.stm32cube.common.mx_6.8.1.202304191431\\db\/mcu/
2023-10-25 22:31:19,192 [INFO] ApiDb:274 - Set plugin database path to: C:\ST\STM32CubeIDE_1.12.1\STM32CubeIDE\plugins\com.st.stm32cube.common.mx_6.8.1.202304191431\\db\/plugins/boardmanager/
2023-10-25 22:31:19,196 [WARN] ApiDb:259 - Overriding images path with different value:  => C:\ST\STM32CubeIDE_1.12.1\STM32CubeIDE\plugins\com.st.stm32cube.common.mx_6.8.1.202304191431\\db\/plugins/mcufinder/images/
2023-10-25 22:31:19,235 [INFO] ApiDb:250 - Set database path to: C:\Users\Admin\.stmcufinder\plugins\mcufinder//mcu/
2023-10-25 22:31:19,239 [INFO] DbMcusAds:125 - Set database path to: C:\Users\Admin\.stmcufinder\plugins\mcufinder//mcu/
2023-10-25 22:31:20,239 [INFO] CrossReferenceDbSqlite:203 - Set database path to: C:\Users\Admin\.stmcufinder\plugins\mcufinder//mcu/cs/
2023-10-25 22:31:20,645 [INFO] RulesReader:64 - Compatibility file has been processed (293 Rules)
2023-10-25 22:31:20,810 [INFO] DbMcusXml:78 - Set database path to: C:\ST\STM32CubeIDE_1.12.1\STM32CubeIDE\plugins\com.st.stm32cube.common.mx_6.8.1.202304191431\\db\/mcu/
2023-10-25 22:31:20,810 [INFO] ApiDb:274 - Set plugin database path to: C:\ST\STM32CubeIDE_1.12.1\STM32CubeIDE\plugins\com.st.stm32cube.common.mx_6.8.1.202304191431\\db\/plugins/boardmanager/
2023-10-25 22:31:20,811 [INFO] ApiDb:261 - Set plugin images path to: C:\ST\STM32CubeIDE_1.12.1\STM32CubeIDE\plugins\com.st.stm32cube.common.mx_6.8.1.202304191431\\db\/plugins/mcufinder/images/
2023-10-25 22:31:20,811 [WARN] DbFile:41 - Overriding database path with different value: C:\Users\Admin\.stmcufinder\plugins\mcufinder/ => C:\Users\Admin\.stmcufinder\plugins\mcufinder
2023-10-25 22:31:20,811 [INFO] ApiDb:250 - Set database path to: C:\Users\Admin\.stmcufinder\plugins\mcufinder//mcu/
2023-10-25 22:31:20,811 [WARN] DbFile:41 - Overriding database path with different value: C:\Users\Admin\.stmcufinder\plugins\mcufinder/ => C:\Users\Admin\.stmcufinder\plugins\mcufinder
2023-10-25 22:31:20,811 [INFO] DbMcusAds:125 - Set database path to: C:\Users\Admin\.stmcufinder\plugins\mcufinder//mcu/
2023-10-25 22:31:20,812 [WARN] DbFile:41 - Overriding database path with different value: C:\Users\Admin\.stmcufinder\plugins\mcufinder/ => C:\Users\Admin\.stmcufinder\plugins\mcufinder
2023-10-25 22:31:20,812 [WARN] DbFile:41 - Overriding database path with different value: C:\Users\Admin\.stmcufinder\plugins\mcufinder/ => C:\Users\Admin\.stmcufinder\plugins\mcufinder
2023-10-25 22:31:21,742 [INFO] CrossReferenceDbSqlite:203 - Set database path to: C:\Users\Admin\.stmcufinder\plugins\mcufinder//mcu/cs/
2023-10-25 22:31:21,894 [INFO] MainPanel:253 - HeapMemory: 268435456
2023-10-25 22:31:22,064 [INFO] DbMcusXml:78 - Set database path to: C:\ST\STM32CubeIDE_1.12.1\STM32CubeIDE\plugins\com.st.stm32cube.common.mx_6.8.1.202304191431\\db\/mcu/
2023-10-25 22:31:22,064 [INFO] ApiDb:274 - Set plugin database path to: C:\ST\STM32CubeIDE_1.12.1\STM32CubeIDE\plugins\com.st.stm32cube.common.mx_6.8.1.202304191431\\db\/plugins/boardmanager/
2023-10-25 22:31:22,064 [INFO] ApiDb:261 - Set plugin images path to: C:\ST\STM32CubeIDE_1.12.1\STM32CubeIDE\plugins\com.st.stm32cube.common.mx_6.8.1.202304191431\\db\/plugins/mcufinder/images/
2023-10-25 22:31:22,065 [WARN] DbFile:41 - Overriding database path with different value: C:\Users\Admin\.stmcufinder\plugins\mcufinder/ => C:\Users\Admin\.stmcufinder\plugins\mcufinder
2023-10-25 22:31:22,066 [INFO] ApiDb:250 - Set database path to: C:\Users\Admin\.stmcufinder\plugins\mcufinder//mcu/
2023-10-25 22:31:22,066 [WARN] DbFile:41 - Overriding database path with different value: C:\Users\Admin\.stmcufinder\plugins\mcufinder/ => C:\Users\Admin\.stmcufinder\plugins\mcufinder
2023-10-25 22:31:22,066 [INFO] DbMcusAds:125 - Set database path to: C:\Users\Admin\.stmcufinder\plugins\mcufinder//mcu/
2023-10-25 22:31:22,066 [WARN] DbFile:41 - Overriding database path with different value: C:\Users\Admin\.stmcufinder\plugins\mcufinder/ => C:\Users\Admin\.stmcufinder\plugins\mcufinder
2023-10-25 22:31:22,066 [WARN] DbFile:41 - Overriding database path with different value: C:\Users\Admin\.stmcufinder\plugins\mcufinder/ => C:\Users\Admin\.stmcufinder\plugins\mcufinder
2023-10-25 22:31:22,740 [INFO] CrossReferenceDbSqlite:203 - Set database path to: C:\Users\Admin\.stmcufinder\plugins\mcufinder//mcu/cs/
2023-10-25 22:31:22,795 [INFO] ApplicationProperties:184 - Using Application install path: C:\ST\STM32CubeIDE_1.12.1\STM32CubeIDE\plugins\com.st.stm32cube.common.mx_6.8.1.202304191431
2023-10-25 22:31:22,797 [INFO] PluginManage:196 - Search for loadable plugins [exclusion list=, ]
2023-10-25 22:31:22,801 [INFO] PluginManage:310 - Check plugin analytics
2023-10-25 22:31:23,869 [INFO] AnalyticsPlugin:253 - Accepted Software Licenses: STM32CubeMX.6.8.1
2023-10-25 22:31:23,872 [INFO] AnalyticsPlugin:255 - Accepted CMSIS Pack Licenses: 
2023-10-25 22:31:23,873 [INFO] AnalyticsPlugin:257 - Accepted Firmware Licenses: FW.F4.1.27.0
2023-10-25 22:31:23,891 [INFO] PluginManage:359 - Loaded plugin analytics (category:tool,tabindex:-1)
2023-10-25 22:31:23,892 [INFO] PluginManage:310 - Check plugin cadmodel
2023-10-25 22:31:23,922 [INFO] CADModel:105 - Init CAD model plugin
2023-10-25 22:31:23,922 [INFO] PluginManage:359 - Loaded plugin cadmodel (category:power,tabindex:5)
2023-10-25 22:31:23,923 [INFO] PluginManage:310 - Check plugin clock
2023-10-25 22:31:23,963 [INFO] PluginManage:359 - Loaded plugin clock (category:base,tabindex:2)
2023-10-25 22:31:23,964 [INFO] PluginManage:310 - Check plugin ddr
2023-10-25 22:31:23,968 [INFO] PluginManage:359 - Loaded plugin ddr (category:tool,tabindex:6)
2023-10-25 22:31:23,969 [INFO] PluginManage:310 - Check plugin filemanager
2023-10-25 22:31:24,420 [INFO] PluginManage:359 - Loaded plugin filemanager (category:base,tabindex:10)
2023-10-25 22:31:24,422 [INFO] PluginManage:310 - Check plugin ipmanager
2023-10-25 22:31:24,445 [INFO] PluginManage:359 - Loaded plugin ipmanager (category:base,tabindex:5)
2023-10-25 22:31:24,445 [INFO] PluginManage:310 - Check plugin lpbam
2023-10-25 22:31:24,480 [INFO] PluginManage:359 - Loaded plugin lpbam (category:base,tabindex:0)
2023-10-25 22:31:24,481 [INFO] PluginManage:310 - Check plugin pinoutandconfiguration
2023-10-25 22:31:24,509 [INFO] PluginManage:359 - Loaded plugin pinoutandconfiguration (category:base,tabindex:1)
2023-10-25 22:31:24,510 [INFO] PluginManage:310 - Check plugin pinoutconfig
2023-10-25 22:31:24,707 [WARN] SupportedApi:132 - Cannot load RTOS API schema: s4s-elt-must-match.1: The content of 'definitions' must match (annotation?, (simpleType | complexType)?, (unique | key | keyref)*)). A problem was found starting at: attribute.
2023-10-25 22:31:25,107 [INFO] PluginManage:359 - Loaded plugin pinoutconfig (category:base,tabindex:0)
2023-10-25 22:31:25,108 [INFO] PluginManage:310 - Check plugin power
2023-10-25 22:31:25,140 [INFO] PluginManage:359 - Loaded plugin power (category:power,tabindex:4)
2023-10-25 22:31:25,140 [INFO] PluginManage:310 - Check plugin projectmanager
2023-10-25 22:31:25,168 [INFO] PluginManage:359 - Loaded plugin projectmanager (category:projectmanager,tabindex:3)
2023-10-25 22:31:25,168 [INFO] PluginManage:310 - Check plugin thirdparty
2023-10-25 22:31:25,794 [INFO] PluginManage:359 - Loaded plugin thirdparty (category:base,tabindex:-1)
2023-10-25 22:31:25,794 [WARN] IntegrityCheckThread:84 - waiting for thirdparty lock release [integrity check]
2023-10-25 22:31:25,795 [INFO] PluginManage:310 - Check plugin tools
2023-10-25 22:31:25,795 [INFO] IntegrityCheckThread:86 - entering critical section [integrity check]
2023-10-25 22:31:25,798 [INFO] ThirdPartyUpdaterWithRetryManager:70 - Updater plugin not ready yet. [1/15]
2023-10-25 22:31:25,859 [INFO] PluginManage:359 - Loaded plugin tools (category:base,tabindex:7)
2023-10-25 22:31:25,859 [INFO] PluginManage:310 - Check plugin tutovideos
2023-10-25 22:31:26,220 [INFO] PluginManage:359 - Loaded plugin tutovideos (category:base,tabindex:-1)
2023-10-25 22:31:26,220 [INFO] PluginManage:310 - Check plugin updater
2023-10-25 22:31:26,247 [INFO] PluginManage:359 - Loaded plugin updater (category:base,tabindex:12)
2023-10-25 22:31:26,248 [INFO] PluginManage:283 - PluginManage : Loaded plugins [15]
2023-10-25 22:31:26,766 [INFO] PinOutPanel:1499 - setPackage(No Configuration,No Configuration)
2023-10-25 22:31:26,885 [INFO] CADModel:165 - CPN selected for project level
2023-10-25 22:31:26,885 [INFO] CADModel:114 - Register for checkConnection events
2023-10-25 22:31:26,924 [INFO] IPUIPlugin:80 - create IPUIPlugin
2023-10-25 22:31:26,925 [INFO] PluginManager:220 - loadIPPluginJar : add adc
2023-10-25 22:31:26,989 [INFO] IPUIPlugin:80 - create IPUIPlugin
2023-10-25 22:31:26,990 [INFO] PluginManager:220 - loadIPPluginJar : add aes
2023-10-25 22:31:27,055 [INFO] IPUIPlugin:80 - create IPUIPlugin
2023-10-25 22:31:27,055 [INFO] PluginManager:220 - loadIPPluginJar : add can
2023-10-25 22:31:27,090 [INFO] IPUIPlugin:80 - create IPUIPlugin
2023-10-25 22:31:27,090 [INFO] PluginManager:220 - loadIPPluginJar : add comp
2023-10-25 22:31:27,152 [INFO] IPUIPlugin:80 - create IPUIPlugin
2023-10-25 22:31:27,152 [INFO] PluginManager:220 - loadIPPluginJar : add cryp
2023-10-25 22:31:27,217 [INFO] IPUIPlugin:80 - create IPUIPlugin
2023-10-25 22:31:27,218 [INFO] PluginManager:220 - loadIPPluginJar : add dfsdm
2023-10-25 22:31:27,243 [INFO] IPUIPlugin:80 - create IPUIPlugin
2023-10-25 22:31:27,244 [INFO] PluginManager:220 - loadIPPluginJar : add dma
2023-10-25 22:31:27,310 [INFO] IPUIPlugin:80 - create IPUIPlugin
2023-10-25 22:31:27,310 [INFO] PluginManager:220 - loadIPPluginJar : add dma3
2023-10-25 22:31:27,341 [INFO] IPUIPlugin:80 - create IPUIPlugin
2023-10-25 22:31:27,341 [INFO] PluginManager:220 - loadIPPluginJar : add fatfs
2023-10-25 22:31:27,404 [INFO] IPUIPlugin:80 - create IPUIPlugin
2023-10-25 22:31:27,404 [INFO] PluginManager:220 - loadIPPluginJar : add fmc
2023-10-25 22:31:27,430 [INFO] IPUIPlugin:80 - create IPUIPlugin
2023-10-25 22:31:27,430 [INFO] PluginManager:220 - loadIPPluginJar : add freertos
2023-10-25 22:31:27,461 [INFO] IPUIPlugin:80 - create IPUIPlugin
2023-10-25 22:31:27,461 [INFO] PluginManager:220 - loadIPPluginJar : add genericplugin
2023-10-25 22:31:27,600 [INFO] IPUIPlugin:80 - create IPUIPlugin
2023-10-25 22:31:27,601 [INFO] PluginManager:220 - loadIPPluginJar : add gfxmmu
2023-10-25 22:31:27,809 [INFO] IPUIPlugin:80 - create IPUIPlugin
2023-10-25 22:31:27,810 [INFO] PluginManager:220 - loadIPPluginJar : add gic
2023-10-25 22:31:27,832 [INFO] IPUIPlugin:80 - create IPUIPlugin
2023-10-25 22:31:27,833 [INFO] PluginManager:220 - loadIPPluginJar : add gpio
2023-10-25 22:31:27,961 [INFO] IPUIPlugin:80 - create IPUIPlugin
2023-10-25 22:31:27,961 [INFO] PluginManager:220 - loadIPPluginJar : add gtzc
2023-10-25 22:31:28,010 [INFO] IPUIPlugin:80 - create IPUIPlugin
2023-10-25 22:31:28,010 [INFO] PluginManager:220 - loadIPPluginJar : add hash
2023-10-25 22:31:28,083 [INFO] IPUIPlugin:80 - create IPUIPlugin
2023-10-25 22:31:28,083 [INFO] PluginManager:220 - loadIPPluginJar : add i2c
2023-10-25 22:31:28,141 [INFO] IPUIPlugin:80 - create IPUIPlugin
2023-10-25 22:31:28,142 [INFO] PluginManager:220 - loadIPPluginJar : add i2s
2023-10-25 22:31:28,246 [INFO] IPUIPlugin:80 - create IPUIPlugin
2023-10-25 22:31:28,246 [INFO] PluginManager:220 - loadIPPluginJar : add i3c
2023-10-25 22:31:28,484 [INFO] IPUIPlugin:80 - create IPUIPlugin
2023-10-25 22:31:28,484 [INFO] PluginManager:220 - loadIPPluginJar : add ipddr
2023-10-25 22:31:28,652 [INFO] IPUIPlugin:80 - create IPUIPlugin
2023-10-25 22:31:28,653 [INFO] PluginManager:220 - loadIPPluginJar : add linkedlist
2023-10-25 22:31:28,710 [INFO] IPUIPlugin:80 - create IPUIPlugin
2023-10-25 22:31:28,710 [INFO] PluginManager:220 - loadIPPluginJar : add lorawan
2023-10-25 22:31:28,785 [INFO] IPUIPlugin:80 - create IPUIPlugin
2023-10-25 22:31:28,786 [INFO] PluginManager:220 - loadIPPluginJar : add ltdc
2023-10-25 22:31:28,805 [INFO] ThirdPartyUpdaterWithRetryManager:70 - Updater plugin not ready yet. [2/15]
2023-10-25 22:31:28,813 [INFO] IPUIPlugin:80 - create IPUIPlugin
2023-10-25 22:31:28,813 [INFO] PluginManager:220 - loadIPPluginJar : add mdma
2023-10-25 22:31:28,831 [INFO] IPUIPlugin:80 - create IPUIPlugin
2023-10-25 22:31:28,832 [INFO] PluginManager:220 - loadIPPluginJar : add nvic
2023-10-25 22:31:28,884 [INFO] IPUIPlugin:80 - create IPUIPlugin
2023-10-25 22:31:28,885 [INFO] PluginManager:220 - loadIPPluginJar : add opamp
2023-10-25 22:31:29,181 [INFO] IPUIPlugin:80 - create IPUIPlugin
2023-10-25 22:31:29,182 [INFO] PluginManager:220 - loadIPPluginJar : add openamp
2023-10-25 22:31:29,609 [INFO] IPUIPlugin:80 - create IPUIPlugin
2023-10-25 22:31:29,610 [INFO] PluginManager:220 - loadIPPluginJar : add pdm2pcm
2023-10-25 22:31:29,674 [INFO] IPUIPlugin:80 - create IPUIPlugin
2023-10-25 22:31:29,825 [INFO] PluginManager:220 - loadIPPluginJar : add plateformsettings
2023-10-25 22:31:29,889 [INFO] IPUIPlugin:80 - create IPUIPlugin
2023-10-25 22:31:29,890 [INFO] PluginManager:220 - loadIPPluginJar : add quadspi
2023-10-25 22:31:29,922 [INFO] IPUIPlugin:80 - create IPUIPlugin
2023-10-25 22:31:29,923 [INFO] PluginManager:220 - loadIPPluginJar : add resmgrutility
2023-10-25 22:31:30,160 [INFO] IPUIPlugin:80 - create IPUIPlugin
2023-10-25 22:31:30,160 [INFO] PluginManager:220 - loadIPPluginJar : add sai
2023-10-25 22:31:30,257 [INFO] IPUIPlugin:80 - create IPUIPlugin
2023-10-25 22:31:30,258 [INFO] PluginManager:220 - loadIPPluginJar : add spi
2023-10-25 22:31:30,382 [INFO] IPUIPlugin:80 - create IPUIPlugin
2023-10-25 22:31:30,382 [INFO] PluginManager:220 - loadIPPluginJar : add stm32_wpan
2023-10-25 22:31:30,420 [INFO] IPUIPlugin:80 - create IPUIPlugin
2023-10-25 22:31:30,421 [INFO] PluginManager:220 - loadIPPluginJar : add tim
2023-10-25 22:31:30,516 [INFO] IPUIPlugin:80 - create IPUIPlugin
2023-10-25 22:31:30,517 [INFO] PluginManager:220 - loadIPPluginJar : add touchsensing
2023-10-25 22:31:30,565 [INFO] IPUIPlugin:80 - create IPUIPlugin
2023-10-25 22:31:30,565 [INFO] PluginManager:220 - loadIPPluginJar : add tracer_emb
2023-10-25 22:31:30,605 [INFO] IPUIPlugin:80 - create IPUIPlugin
2023-10-25 22:31:30,605 [INFO] PluginManager:220 - loadIPPluginJar : add ts
2023-10-25 22:31:30,646 [INFO] IPUIPlugin:80 - create IPUIPlugin
2023-10-25 22:31:30,646 [INFO] PluginManager:220 - loadIPPluginJar : add tsc
2023-10-25 22:31:30,681 [INFO] IPUIPlugin:80 - create IPUIPlugin
2023-10-25 22:31:30,681 [INFO] PluginManager:220 - loadIPPluginJar : add ucpd
2023-10-25 22:31:30,759 [INFO] IPUIPlugin:80 - create IPUIPlugin
2023-10-25 22:31:30,759 [INFO] PluginManager:220 - loadIPPluginJar : add usart
2023-10-25 22:31:30,833 [INFO] IPUIPlugin:80 - create IPUIPlugin
2023-10-25 22:31:30,833 [INFO] PluginManager:220 - loadIPPluginJar : add usbx
2023-10-25 22:31:31,033 [INFO] CADModel:165 - CPN selected for project level
2023-10-25 22:31:31,033 [INFO] CADModel:114 - Register for checkConnection events
2023-10-25 22:31:31,033 [FATAL] Updater:308 - Updater called before beeing initialized
2023-10-25 22:31:31,033 [ERROR] CADModel:125 - Updater not yet initialized, retry later 
2023-10-25 22:31:31,339 [INFO] CADModel:165 - CPN selected for project level
2023-10-25 22:31:31,340 [INFO] CADModel:114 - Register for checkConnection events
2023-10-25 22:31:31,340 [FATAL] Updater:308 - Updater called before beeing initialized
2023-10-25 22:31:31,340 [ERROR] CADModel:125 - Updater not yet initialized, retry later 
2023-10-25 22:31:31,346 [FATAL] Updater:308 - Updater called before beeing initialized
2023-10-25 22:31:31,574 [FATAL] Updater:308 - Updater called before beeing initialized
2023-10-25 22:31:31,592 [INFO] DbMcusAds:53 - JSON generation date=Tue Mar 07 15:50:55 ICT 2023 (1678179055114)
2023-10-25 22:31:31,592 [FATAL] Updater:308 - Updater called before beeing initialized
2023-10-25 22:31:31,669 [WARN] DetailPanel:346 - Failed to get advertising image, set to default
2023-10-25 22:31:31,815 [INFO] ThirdPartyUpdaterWithRetryManager:70 - Updater plugin not ready yet. [3/15]
2023-10-25 22:31:31,827 [FATAL] Updater:308 - Updater called before beeing initialized
2023-10-25 22:31:31,831 [FATAL] Updater:308 - Updater called before beeing initialized
2023-10-25 22:31:31,831 [FATAL] Updater:308 - Updater called before beeing initialized
2023-10-25 22:31:31,831 [WARN] DetailPanel:346 - Failed to get advertising image, set to default
2023-10-25 22:31:31,832 [FATAL] Updater:308 - Updater called before beeing initialized
2023-10-25 22:31:31,951 [ERROR] Updater:1120 - MainUpdater not yet initialized. External WinMGr cannot be set.
2023-10-25 22:31:31,965 [INFO] Updater:1056 - Updater Version found : 6.8.1
2023-10-25 22:31:31,989 [INFO] ApplicationProperties:184 - Using Application install path: C:\ST\STM32CubeIDE_1.12.1\STM32CubeIDE\plugins\com.st.stm32cube.common.mx_6.8.1.202304191431
2023-10-25 22:31:32,469 [INFO] MainUpdater:2854 - connection check result : 10
2023-10-25 22:31:32,471 [INFO] MainUpdater:3548 - Updater definition file requires update
2023-10-25 22:31:32,474 [INFO] MainUpdater:283 - Updater Check For Update Now.
2023-10-25 22:31:32,475 [INFO] MicroXplorer:498 - Change Database Version : DB.6.0.81
2023-10-25 22:31:32,611 [INFO] ServerAccessManage:473 - Download File updaters.zip
2023-10-25 22:31:32,758 [INFO] FileExtend:240 - Unzip File : updaters.zip
2023-10-25 22:31:32,759 [INFO] FileExtend:255 - Standard Zip Deflate
2023-10-25 22:31:33,580 [INFO] ServerAccessManage:473 - Download File PacksControlFlags.xml
2023-10-25 22:31:33,715 [INFO] ServerAccessManage:473 - Download File cubemx.pidx
2023-10-25 22:31:34,897 [WARN] MainUpdater:1187 - Updater busy. Cannot search thirdparties
2023-10-25 22:31:34,899 [INFO] ThirdPartyUpdaterWithRetryManager:96 - Updater plugin is busy. [1/15]
2023-10-25 22:31:35,604 [INFO] ServerAccessManage:473 - Download File STMicroelectronics.X-CUBE-EEPRMA1.pdsc
2023-10-25 22:31:37,435 [ERROR] ServerAccessManage:1089 - Problem, file not found on Server
2023-10-25 22:31:37,916 [WARN] MainUpdater:1187 - Updater busy. Cannot search thirdparties
2023-10-25 22:31:37,917 [INFO] ThirdPartyUpdaterWithRetryManager:96 - Updater plugin is busy. [2/15]
2023-10-25 22:31:39,044 [ERROR] LogOutputStream:75 - [STDERR_REDIRECT] SLF4J: Failed to load class "org.slf4j.impl.StaticLoggerBinder".
2023-10-25 22:31:39,046 [ERROR] LogOutputStream:75 - [STDERR_REDIRECT] SLF4J: Defaulting to no-operation (NOP) logger implementation
2023-10-25 22:31:39,056 [ERROR] LogOutputStream:75 - [STDERR_REDIRECT] SLF4J: See http://www.slf4j.org/codes.html#StaticLoggerBinder for further details.
2023-10-25 22:31:40,920 [WARN] MainUpdater:1187 - Updater busy. Cannot search thirdparties
2023-10-25 22:31:40,921 [INFO] ThirdPartyUpdaterWithRetryManager:96 - Updater plugin is busy. [3/15]
2023-10-25 22:31:42,694 [ERROR] ServerAccessManage:1096 - Problem, Http access forbiden
2023-10-25 22:31:42,695 [ERROR] ServerAccessManage:651 - Problem, Http access forbiden : RoweBots.I-CUBE-UNISONRTOS.pdsc.
2023-10-25 22:31:43,149 [WARN] PackLoader:240 - Cannot read IP mode file for STMicroelectronics.X-CUBE-EEPRMA1.4.2.0
2023-10-25 22:31:43,159 [INFO] PopulateThirdPartyThread:66 - Ending populate Thread
2023-10-25 22:31:43,204 [INFO] ThirdParty:1030 - CMSIS Pack Vendor :STMicroelectronics X-CUBE-EEPRMA1 4.2.0
2023-10-25 22:31:43,204 [INFO] LoadServerUpdatesThread:373 - End of LoadServerUpdate Thread
2023-10-25 22:31:43,348 [INFO] CheckServerUpdateThread:120 - End of CheckServer Thread
2023-10-25 22:31:43,438 [INFO] MainUpdater:2854 - connection check result : 10
2023-10-25 22:31:43,489 [INFO] McuFinderGlobals:66 - Set McuFinderConnectedMode to true
2023-10-25 22:31:43,931 [WARN] MainUpdater:1187 - Updater busy. Cannot search thirdparties
2023-10-25 22:31:43,931 [INFO] ThirdPartyUpdaterWithRetryManager:96 - Updater plugin is busy. [4/15]
2023-10-25 22:31:44,105 [INFO] ServerAccessManage:473 - Download File mcusAds.json._tmp_
2023-10-25 22:31:44,297 [INFO] LoadUrlFilesThread:156 - End of LoadUrlFiles Thread
2023-10-25 22:31:44,571 [INFO] ServerAccessManage:473 - Download File cube-finder-db.zip
2023-10-25 22:31:46,933 [WARN] MainUpdater:1187 - Updater busy. Cannot search thirdparties
2023-10-25 22:31:46,933 [INFO] ThirdPartyUpdaterWithRetryManager:96 - Updater plugin is busy. [5/15]
2023-10-25 22:31:49,944 [WARN] MainUpdater:1187 - Updater busy. Cannot search thirdparties
2023-10-25 22:31:49,944 [INFO] ThirdPartyUpdaterWithRetryManager:96 - Updater plugin is busy. [6/15]
2023-10-25 22:31:52,959 [WARN] MainUpdater:1187 - Updater busy. Cannot search thirdparties
2023-10-25 22:31:52,959 [INFO] ThirdPartyUpdaterWithRetryManager:96 - Updater plugin is busy. [7/15]
2023-10-25 22:31:54,813 [INFO] FileExtend:240 - Unzip File : cube-finder-db.zip
2023-10-25 22:31:54,813 [INFO] FileExtend:255 - Standard Zip Deflate
2023-10-25 22:31:55,803 [INFO] LoadUrlFilesThread:156 - End of LoadUrlFiles Thread
2023-10-25 22:31:56,295 [WARN] PackLoader:240 - Cannot read IP mode file for STMicroelectronics.X-CUBE-SMBUS.2.1.0
2023-10-25 22:31:56,372 [WARN] PackLoader:240 - Cannot read IP mode file for STMicroelectronics.X-CUBE-AZRTOS-F7.1.1.0
2023-10-25 22:31:56,411 [WARN] PackLoader:240 - Cannot read IP mode file for STMicroelectronics.FP-SNS-MOTENV1.4.3.2
2023-10-25 22:31:56,438 [ERROR] RealEvaluatedCondition:428 - Found unsupported composite condition: CLASS='Data Exchange' GROUP='STM32_MetaDataManager'
2023-10-25 22:31:56,439 [ERROR] RealEvaluatedCondition:428 - Found unsupported composite condition: CLASS='Data Exchange' GROUP='STM32_MetaDataManager'
2023-10-25 22:31:56,442 [WARN] PackLoader:240 - Cannot read IP mode file for STMicroelectronics.FP-SNS-MOTENV1.4.3.1
2023-10-25 22:31:56,468 [WARN] PackLoader:240 - Cannot read IP mode file for STMicroelectronics.FP-SNS-FLIGHT1.5.0.1
2023-10-25 22:31:56,494 [WARN] PackLoader:240 - Cannot read IP mode file for STMicroelectronics.X-CUBE-BLE1.6.2.4
2023-10-25 22:31:56,522 [WARN] PackLoader:240 - Cannot read IP mode file for STMicroelectronics.X-CUBE-DISPLAY.3.0.0
2023-10-25 22:31:56,556 [WARN] PackLoader:240 - Cannot read IP mode file for STMicroelectronics.X-CUBE-TOUCHGFX.4.22.0
2023-10-25 22:31:56,576 [WARN] PackLoader:240 - Cannot read IP mode file for STMicroelectronics.X-CUBE-TOUCHGFX.4.22.1
2023-10-25 22:31:56,599 [WARN] PackLoader:240 - Cannot read IP mode file for STMicroelectronics.FP-SNS-SMARTAG2.1.2.0
2023-10-25 22:31:56,646 [INFO] LogOutputStream:77 - [STDOUT_REDIRECT] 1 : Invalid condition id : UX_CORESTACK_Condition cause : null
2023-10-25 22:31:56,648 [INFO] LogOutputStream:77 - [STDOUT_REDIRECT] 1 : Invalid condition id : UX_CORESTACK_Condition cause : null
2023-10-25 22:31:56,652 [INFO] LogOutputStream:77 - [STDOUT_REDIRECT] 1 : Invalid condition id : UX_CORESTACK_Condition cause : null
2023-10-25 22:31:56,659 [INFO] LogOutputStream:77 - [STDOUT_REDIRECT] 1 : Invalid condition id : UX_CORESTACK_Condition cause : null
2023-10-25 22:31:56,662 [INFO] LogOutputStream:77 - [STDOUT_REDIRECT] 1 : Invalid condition id : UX_CORESTACK_Condition cause : null
2023-10-25 22:31:56,671 [WARN] PackLoader:240 - Cannot read IP mode file for STMicroelectronics.X-CUBE-AZRTOS-WL.2.0.0
2023-10-25 22:31:56,714 [WARN] PackLoader:240 - Cannot read IP mode file for WES.I-CUBE-Cesium.1.3.0
2023-10-25 22:31:56,740 [WARN] PackLoader:240 - Cannot read IP mode file for STMicroelectronics.X-CUBE-BLE2.3.3.0
2023-10-25 22:31:56,774 [WARN] PackLoader:240 - Cannot read IP mode file for STMicroelectronics.X-CUBE-TOUCHGFX.4.21.4
2023-10-25 22:31:56,803 [WARN] PackLoader:240 - Cannot read IP mode file for STMicroelectronics.X-CUBE-ALGOBUILD.1.3.0
2023-10-25 22:31:56,869 [WARN] PackLoader:240 - Cannot read IP mode file for STMicroelectronics.X-CUBE-AZRTOS-G0.1.1.0
2023-10-25 22:31:56,899 [WARN] PackLoader:240 - Cannot read IP mode file for STMicroelectronics.X-CUBE-NFC4.3.0.0
2023-10-25 22:31:56,909 [WARN] PackLoader:240 - Cannot read IP mode file for STMicroelectronics.FP-ATR-SIGFOX1.3.2.0
2023-10-25 22:31:56,999 [WARN] PackLoader:240 - Cannot read IP mode file for SEGGER.I-CUBE-embOS.1.3.1
2023-10-25 22:31:57,109 [WARN] PackLoader:240 - Cannot read IP mode file for STMicroelectronics.X-CUBE-GNSS1.6.0.0
2023-10-25 22:31:57,168 [WARN] PackLoader:240 - Cannot read IP mode file for STMicroelectronics.X-CUBE-AZRTOS-F4.1.1.0
2023-10-25 22:31:57,195 [WARN] PackLoader:240 - Cannot read IP mode file for wolfSSL.I-CUBE-wolfSSL.5.6.0
2023-10-25 22:31:57,256 [WARN] PackLoader:240 - Cannot read IP mode file for STMicroelectronics.X-CUBE-AZRTOS-L5.2.0.0
2023-10-25 22:31:57,369 [WARN] PackLoader:240 - Cannot read IP mode file for STMicroelectronics.X-CUBE-MEMS1.9.6.0
2023-10-25 22:31:57,662 [WARN] PackLoader:240 - Cannot read IP mode file for STMicroelectronics.X-CUBE-EEPRMA1.4.2.0
2023-10-25 22:31:57,685 [WARN] PackLoader:240 - Cannot read IP mode file for ITTIA_DB.I-CUBE-ITTIADB.8.8.0
2023-10-25 22:31:57,711 [WARN] PackLoader:240 - Cannot read IP mode file for emotas.I-CUBE-CANOPEN.1.1.3
2023-10-25 22:31:57,739 [WARN] PackLoader:240 - Cannot read IP mode file for STMicroelectronics.X-CUBE-BLEMGR.2.0.0
2023-10-25 22:31:57,840 [WARN] ConditionMgr:438 - getConditionDescription Invalid condition id : UX DEVICE CLASS RTOS Condition cause : null
2023-10-25 22:31:57,841 [WARN] ConditionMgr:438 - getConditionDescription Invalid condition id : UX DEVICE CLASS RTOS Condition cause : null
2023-10-25 22:31:57,849 [WARN] PackLoader:240 - Cannot read IP mode file for STMicroelectronics.X-CUBE-AZRTOS-H7.3.1.0
2023-10-25 22:31:57,852 [WARN] ConditionMgr:1039 - genDependencies : Invalid condition id : UX DEVICE CLASS RTOS Condition cause : null
2023-10-25 22:31:57,852 [WARN] ConditionMgr:1039 - genDependencies : Invalid condition id : UX DEVICE CLASS RTOS Condition cause : null
2023-10-25 22:31:57,853 [WARN] ConditionMgr:1039 - genDependencies : Invalid condition id : UX DEVICE CLASS RTOS Condition cause : null
2023-10-25 22:31:57,854 [WARN] ConditionMgr:1039 - genDependencies : Invalid condition id : UX DEVICE CLASS RTOS Condition cause : null
2023-10-25 22:31:57,855 [WARN] ConditionMgr:1039 - genDependencies : Invalid condition id : UX DEVICE CLASS RTOS Condition cause : null
2023-10-25 22:31:57,883 [WARN] PackLoader:240 - Cannot read IP mode file for STMicroelectronics.X-CUBE-NFC7.1.0.1
2023-10-25 22:31:57,914 [WARN] PackLoader:240 - Cannot read IP mode file for STMicroelectronics.X-CUBE-NFC6.3.0.0
2023-10-25 22:31:57,941 [WARN] PackLoader:240 - Cannot read IP mode file for STMicroelectronics.X-CUBE-EEPRMA1.4.1.0
2023-10-25 22:31:58,027 [WARN] ConditionMgr:438 - getConditionDescription Invalid condition id : LAN8742 Phy interface Condition cause : null
2023-10-25 22:31:58,028 [WARN] PackLoader:240 - Cannot read IP mode file for STMicroelectronics.X-CUBE-AZRTOS-L4.2.0.0
2023-10-25 22:31:58,031 [WARN] ConditionMgr:1039 - genDependencies : Invalid condition id : LAN8742 Phy interface Condition cause : null
2023-10-25 22:31:58,031 [WARN] ConditionMgr:1039 - genDependencies : Invalid condition id : LAN8742 Phy interface Condition cause : null
2023-10-25 22:31:58,032 [WARN] ConditionMgr:1039 - genDependencies : Invalid condition id : LAN8742 Phy interface Condition cause : null
2023-10-25 22:31:58,059 [WARN] PackLoader:240 - Cannot read IP mode file for STMicroelectronics.X-CUBE-SFXS2LP1.4.0.0
2023-10-25 22:31:58,082 [WARN] PackLoader:240 - Cannot read IP mode file for STMicroelectronics.X-CUBE-ISPU.1.1.0
2023-10-25 22:31:58,172 [WARN] ConditionMgr:438 - getConditionDescription Invalid condition id : UX DEVICE CLASS RTOS Condition cause : null
2023-10-25 22:31:58,173 [WARN] ConditionMgr:438 - getConditionDescription Invalid condition id : UX DEVICE CLASS RTOS Condition cause : null
2023-10-25 22:31:58,176 [WARN] PackLoader:240 - Cannot read IP mode file for STMicroelectronics.X-CUBE-AZRTOS-WB.2.0.0
2023-10-25 22:31:58,177 [WARN] ConditionMgr:1039 - genDependencies : Invalid condition id : UX DEVICE CLASS RTOS Condition cause : null
2023-10-25 22:31:58,178 [WARN] ConditionMgr:1039 - genDependencies : Invalid condition id : UX DEVICE CLASS RTOS Condition cause : null
2023-10-25 22:31:58,178 [WARN] ConditionMgr:1039 - genDependencies : Invalid condition id : UX DEVICE CLASS RTOS Condition cause : null
2023-10-25 22:31:58,179 [WARN] ConditionMgr:1039 - genDependencies : Invalid condition id : UX DEVICE CLASS RTOS Condition cause : null
2023-10-25 22:31:58,179 [WARN] ConditionMgr:1039 - genDependencies : Invalid condition id : UX DEVICE CLASS RTOS Condition cause : null
2023-10-25 22:31:58,201 [WARN] PackLoader:240 - Cannot read IP mode file for STMicroelectronics.X-CUBE-FREERTOS.1.0.1
2023-10-25 22:31:58,248 [WARN] PackLoader:240 - Cannot read IP mode file for STMicroelectronics.X-CUBE-AZRTOS-L5.1.1.0
2023-10-25 22:31:58,275 [WARN] PackLoader:240 - Cannot read IP mode file for STMicroelectronics.X-CUBE-AI.8.0.1
2023-10-25 22:31:58,310 [WARN] PackLoader:240 - Cannot read IP mode file for STMicroelectronics.X-CUBE-SUBG2.5.0.0
2023-10-25 22:31:58,355 [WARN] PackLoader:240 - Cannot read IP mode file for STMicroelectronics.X-CUBE-TOF1.3.3.1
2023-10-25 22:31:58,423 [WARN] PackLoader:240 - Cannot read IP mode file for STMicroelectronics.X-CUBE-AZRTOS-G4.2.0.0
2023-10-25 22:31:58,460 [WARN] PackLoader:240 - Cannot read IP mode file for STMicroelectronics.X-CUBE-TOF1.3.3.0
2023-10-25 22:31:58,514 [WARN] PackLoader:240 - Cannot read IP mode file for Infineon.AIROC-Wi-Fi-Bluetooth-STM32.1.5.1
2023-10-25 22:31:58,617 [WARN] PackLoader:240 - Cannot read IP mode file for STMicroelectronics.X-CUBE-MEMS1.10.0.0
2023-10-25 22:31:58,852 [WARN] PackLoader:240 - Cannot read IP mode file for STMicroelectronics.X-CUBE-FREERTOS.1.1.0
2023-10-25 22:31:58,877 [WARN] PackLoader:240 - Cannot read IP mode file for portGmbH.I-Cube-SoM-uGOAL.1.1.0
2023-10-25 22:31:58,898 [WARN] PackLoader:240 - Cannot read IP mode file for STMicroelectronics.X-CUBE-ALS.1.0.1
2023-10-25 22:31:58,940 [WARN] PackLoader:240 - Cannot read IP mode file for STMicroelectronics.X-CUBE-AZRTOS-WB.1.1.0
2023-10-25 22:31:58,950 [WARN] PackLoader:240 - Cannot read IP mode file for STMicroelectronics.FP-ATR-ASTRA1.2.0.0
2023-10-25 22:31:58,951 [INFO] ThirdParty:978 - Integrity check success = true
2023-10-25 22:31:58,952 [INFO] IntegrityCheckThread:100 - exiting critical section [integrity check]
2023-10-25 22:31:58,952 [INFO] IntegrityCheckThread:103 - End integrity checks thread
2023-10-25 22:32:00,113 [INFO] ServerAccessManage:473 - Download File crdb.zip
2023-10-25 22:32:20,601 [INFO] FileExtend:240 - Unzip File : crdb.zip
2023-10-25 22:32:20,602 [INFO] FileExtend:255 - Standard Zip Deflate
2023-10-25 22:32:20,782 [INFO] LoadUrlFilesThread:156 - End of LoadUrlFiles Thread
2023-10-25 22:32:20,900 [INFO] ServerAccessManage:473 - Download File tutoVideoDB.zip
2023-10-25 22:32:20,951 [INFO] FileExtend:240 - Unzip File : tutoVideoDB.zip
2023-10-25 22:32:20,951 [INFO] FileExtend:255 - Standard Zip Deflate
2023-10-25 22:32:21,075 [INFO] LoadUrlFilesThread:156 - End of LoadUrlFiles Thread
2023-10-25 22:32:21,094 [WARN] DbFile:41 - Overriding database path with different value: C:\Users\Admin\.stmcufinder\plugins\mcufinder/ => C:\Users\Admin\.stmcufinder\plugins\mcufinder
2023-10-25 22:32:21,175 [INFO] ServerAccessManage:473 - Download File api_config.json
2023-10-25 22:32:21,307 [INFO] LoadUrlFilesThread:156 - End of LoadUrlFiles Thread
2023-10-25 22:32:21,325 [INFO] DbMcusAds:53 - JSON generation date=Tue Mar 07 15:50:55 ICT 2023 (1678179055114)
2023-10-25 22:32:21,371 [INFO] LoadUrlFilesThread:185 - End of LoadServerUrlFiles without Thread
2023-10-25 22:32:21,371 [INFO] TargetSelectorAdapter:259 - Refresh data is successful
2023-10-25 22:32:21,566 [INFO] ApiDb:581 - Connected to CubeFinder SQLite database (C:\Users\Admin\.stmcufinder\plugins\mcufinder\mcu\cube-finder-db.db)
2023-10-25 22:32:21,662 [INFO] ApiDb:668 - CubeFinder database Data Model version=2.1
2023-10-25 22:32:21,662 [INFO] ApiDb:669 - CubeFinder database Configuration version=3.0.37
2023-10-25 22:32:21,664 [INFO] ApiDb:670 - CubeFinder database generation date=2023-10-13 (1697197505)
2023-10-25 22:32:21,664 [INFO] ApiDb:671 - CubeFinder database FW Pack versions=[FP-ATR-ASTRA1_V2.0.0, FP-SNS-FLIGHT1_V5.0.1, FP-SNS-FLIGHT1_V5.0.2, FP-SNS-MOTENV1_V4.3.1, FP-SNS-MOTENV1_V4.3.2, FP-SNS-SMARTAG2_V1.2.0, I-CUBE-ITTIADB_V8.6.3-1, STM32Cube_FW_C0_V1.1.0, STM32Cube_FW_F4_V1.27.1, STM32Cube_FW_F7_V1.17.0, STM32Cube_FW_G0_V1.6.1, STM32Cube_FW_G4_V1.5.1, STM32Cube_FW_H5_V0.5.1, STM32Cube_FW_H5_V1.1.1, STM32Cube_FW_H7_V1.11.0, STM32Cube_FW_L0_V1.12.2, STM32Cube_FW_L5_V1.5.0, STM32Cube_FW_U5_V1.3.0, STM32Cube_FW_U5_V1.3.0RC4, STM32Cube_FW_WBA_V1.0.0RC1, STM32Cube_FW_WBA_V1.1.0RC1, STM32Cube_FW_WBA_V1.1.1, STM32Cube_FW_WB_V1.15.0RC1, STM32Cube_FW_WB_V1.16.0, STM32Cube_FW_WB_V1.16.0RC2, STM32Cube_FW_WB_V1.17.3, STM32Cube_FW_WL_V1.3.0, X-CUBE-ALGOBUILD_V1.3.0, X-CUBE-ALS_V1.0.1, X-CUBE-AZRTOS-F4_V1.1.0, X-CUBE-AZRTOS-F7_V1.1.0, X-CUBE-AZRTOS-G0_V1.1.0, X-CUBE-AZRTOS-G4_V2.0.0, X-CUBE-AZRTOS-H7_V3.1.0, X-CUBE-AZRTOS-L4_V1.0.0, X-CUBE-AZRTOS-L4_V2.0.0, X-CUBE-AZRTOS-L5_V1.1.0, X-CUBE-AZRTOS-WB_V2.0.0, X-CUBE-AZRTOS-WL_V2.0.0, X-CUBE-BLE1_V7.0.0, X-CUBE-BLE2_V3.3.0, X-CUBE-BLEMGR_V2.0.0, X-CUBE-EEPRMA1_V4.1.0, X-CUBE-FREERTOS_V1.1.0, X-CUBE-GNSS1_V6.0.0, X-CUBE-MEMS1_V10.0.0, X-CUBE-MEMS1_V9.1.0, X-CUBE-MEMS1_V9.4.0, X-CUBE-MEMS1_V9.6.0, X-CUBE-NFC4_V3.0.0, X-CUBE-NFC7_V1.0.1, X-CUBE-SFXS2LP1_V4.0.0, X-CUBE-SUBG2_V5.0.0, X-CUBE-TOF1_V3.3.1]
2023-10-25 22:32:25,073 [INFO] ApiDb:240 - Found 297 in-development CPN: [B-G473E-ZEST1S, B-WB1M-WPAN1, B-WL5M-SUBG1, NUCLEO-C031C6, NUCLEO-H503RB, NUCLEO-H563ZI, NUCLEO-U545RE-Q, NUCLEO-U5A5ZJ-Q, NUCLEO-WBA52CG, STEVAL-PROTEUS1, STEVAL-STWINBX1, STM320518-EVAL, STM32C0116-DK, STM32C011D6Y3TR, STM32C011D6Y6TR, STM32C011F4P3, STM32C011F4P6, STM32C011F4U3, STM32C011F4U6TR, STM32C011F6P3, STM32C011F6P6, STM32C011F6U3, STM32C011F6U6TR, STM32C011J4M3, STM32C011J4M6, STM32C011J6M3, STM32C011J6M6, STM32C0316-DK, STM32C031C4T3, STM32C031C4T6, STM32C031C4U3, STM32C031C4U6, STM32C031C6T3, STM32C031C6T6, STM32C031C6U3, STM32C031C6U6, STM32C031F4P3, STM32C031F4P6, STM32C031F6P3, STM32C031F6P6, STM32C031G4U3, STM32C031G4U6, STM32C031G6U3, STM32C031G6U6, STM32C031K4T3, STM32C031K4T6, STM32C031K4U3, STM32C031K4U6, STM32C031K6T3, STM32C031K6T6, STM32C031K6U3, STM32C031K6U6, STM32G071K8TXN, STM32G071K8UXN, STM32G081GBU6N, STM32G081KBT6N, STM32G081KBUXN, STM32G0B1CCT6N, STM32G0B1KCT6, STM32G0B1NEY6TR, STM32G0B1RCT6N, STM32G0C1CCT6, STM32G0C1CCT6N, STM32G0C1CCU6N, STM32G0C1CET6N, STM32G0C1CEU6N, STM32G0C1KCT6, STM32G0C1NEY6TR, STM32G0C1RCI6N, STM32G0C1RCT6N, STM32G0C1REI6N, STM32G0C1RET6N, STM32G0C1VCI6, STM32G0C1VEI6, STM32G471CCT6, STM32G471CCU6, STM32G471CET3, STM32G471CET6, STM32G471CEU3, STM32G471CEU6, STM32G471MCT6, STM32G471MET3, STM32G471MET6, STM32G471MEY6TR, STM32G471QCT6, STM32G471QET3, STM32G471RCT6, STM32G471RET3, STM32G471RET6, STM32G471VCH6, STM32G471VCI6, STM32G471VCT6, STM32G471VEH3, STM32G471VEH6, STM32G471VEI3, STM32G471VEI6, STM32G471VET3, STM32G471VET6, STM32G474CCT6, STM32H503CBT6, STM32H503CBU6, STM32H503EBY6TR, STM32H503KBU6, STM32H503RBT6, STM32H562AGI6, STM32H562AII6, STM32H562IGK6, STM32H562IGT6, STM32H562IIK6, STM32H562IIT6, STM32H562RGT6, STM32H562RGV6, STM32H562RIT6, STM32H562RIV6, STM32H562VGT6, STM32H562VIT6, STM32H562ZGT6, STM32H562ZIT6, STM32H563AGI6, STM32H563AII3Q, STM32H563AII6, STM32H563IGK6, STM32H563IGT6, STM32H563IIK3Q, STM32H563IIK6, STM32H563IIT3Q, STM32H563IIT6, STM32H563MIY3QTR, STM32H563RGT6, STM32H563RGV6, STM32H563RIT6, STM32H563RIV6, STM32H563VGT6, STM32H563VIT3Q, STM32H563VIT6, STM32H563ZGT6, STM32H563ZIT3Q, STM32H563ZIT6, STM32H573AII3Q, STM32H573AII6, STM32H573I-DK, STM32H573IIK3Q, STM32H573IIK6, STM32H573IIT3Q, STM32H573IIT6, STM32H573MIY3QTR, STM32H573RIT6, STM32H573RIV6, STM32H573VIT3Q, STM32H573VIT6, STM32H573ZIT3Q, STM32H573ZIT6, STM32L4R5QGI6STR, STM32MP131AAE3, STM32MP131AAF3, STM32MP131AAG3, STM32MP131CAE3, STM32MP131CAF3, STM32MP131CAG3, STM32MP131DAE7, STM32MP131DAF7, STM32MP131DAG7, STM32MP131FAE7, STM32MP131FAF7, STM32MP131FAG7, STM32MP133AAE3, STM32MP133AAF3, STM32MP133AAG3, STM32MP133CAE3, STM32MP133CAF3, STM32MP133CAG3, STM32MP133DAE7, STM32MP133DAF7, STM32MP133DAG7, STM32MP133FAE7, STM32MP133FAF7, STM32MP133FAG7, STM32MP135AAE3, STM32MP135AAF3, STM32MP135AAG3, STM32MP135CAE3, STM32MP135CAF3, STM32MP135CAG3, STM32MP135DAE7, STM32MP135DAF7, STM32MP135DAG7, STM32MP135F-DK, STM32MP135FAE7, STM32MP135FAF7, STM32MP135FAF7T, STM32MP135FAF7U, STM32MP135FAG7, STM32U535CBT6, STM32U535CBT6Q, STM32U535CBU6, STM32U535CBU6Q, STM32U535CCT6, STM32U535CCT6Q, STM32U535CCU6, STM32U535CCU6Q, STM32U535CET6, STM32U535CET6Q, STM32U535CEU6, STM32U535CEU6Q, STM32U535JEY6QTR, STM32U535NCY6QTR, STM32U535NEY6QTR, STM32U535RBI6, STM32U535RBI6Q, STM32U535RBT6, STM32U535RBT6Q, STM32U535RCI6, STM32U535RCI6Q, STM32U535RCT6, STM32U535RCT6Q, STM32U535REI6, STM32U535REI6Q, STM32U535RET6, STM32U535RET6Q, STM32U535VCI6, STM32U535VCI6Q, STM32U535VCT6, STM32U535VCT6Q, STM32U535VEI6, STM32U535VEI6Q, STM32U535VET6, STM32U535VET6Q, STM32U545CET6, STM32U545CET6Q, STM32U545CEU6, STM32U545CEU6Q, STM32U545JEY6QTR, STM32U545NEY6QTR, STM32U545REI6, STM32U545REI6Q, STM32U545RET6, STM32U545RET6Q, STM32U545VEI6, STM32U545VEI6Q, STM32U545VET6, STM32U545VET6Q, STM32U595AIH6, STM32U595AIH6Q, STM32U595AJH6, STM32U595AJH6Q, STM32U595QII6, STM32U595QII6Q, STM32U595QJI6, STM32U595QJI6Q, STM32U595RIT6, STM32U595RIT6Q, STM32U595RJT6, STM32U595RJT6Q, STM32U595VIT6, STM32U595VIT6Q, STM32U595VJT6, STM32U595VJT6Q, STM32U595ZIT6, STM32U595ZIT6Q, STM32U595ZIY6QTR, STM32U595ZJT6, STM32U595ZJT6Q, STM32U595ZJY6QTR, STM32U599BJY6QTR, STM32U599NIH6Q, STM32U599NJH6Q, STM32U599VIT6Q, STM32U599VJT6, STM32U599VJT6Q, STM32U599ZIT6Q, STM32U599ZIY6QTR, STM32U599ZJT6Q, STM32U599ZJY6QTR, STM32U5A5AJH6, STM32U5A5AJH6Q, STM32U5A5QJI6, STM32U5A5QJI6Q, STM32U5A5RJT6, STM32U5A5RJT6Q, STM32U5A5VJT6, STM32U5A5VJT6Q, STM32U5A5ZJT6, STM32U5A5ZJT6Q, STM32U5A5ZJY6QTR, STM32U5A9BJY6QTR, STM32U5A9J-DK, STM32U5A9NJH6Q, STM32U5A9VJT6Q, STM32U5A9ZJT6Q, STM32U5A9ZJY6QTR, STM32WB1MMCH6, STM32WBA52CEU6, STM32WBA52CEU6T, STM32WBA52CGU6, STM32WBA52CGU6T, STM32WL5MOCH6, STM32WL5MOCH6TR]
2023-10-25 22:32:25,103 [INFO] DbMcus:216 - Found 3825 MCUs, 3825 are supported
2023-10-25 22:32:25,112 [INFO] ApiDb:423 - Load user favorites file C:\Users\Admin/.stm32cubeide/favorites.mcus.txt: 0 item(s)
2023-10-25 22:32:25,113 [INFO] ApiDb:427 - User favorites MCUs=[]
2023-10-25 22:32:25,115 [INFO] DbMcus:222 - Set 0 / 0 favorites MCUs
2023-10-25 22:32:26,530 [INFO] ApiDb:668 - CubeFinder database Data Model version=2.1
2023-10-25 22:32:26,530 [INFO] ApiDb:669 - CubeFinder database Configuration version=3.0.37
2023-10-25 22:32:26,530 [INFO] ApiDb:670 - CubeFinder database generation date=2023-10-13 (1697197505)
2023-10-25 22:32:26,530 [INFO] ApiDb:671 - CubeFinder database FW Pack versions=[FP-ATR-ASTRA1_V2.0.0, FP-SNS-FLIGHT1_V5.0.1, FP-SNS-FLIGHT1_V5.0.2, FP-SNS-MOTENV1_V4.3.1, FP-SNS-MOTENV1_V4.3.2, FP-SNS-SMARTAG2_V1.2.0, I-CUBE-ITTIADB_V8.6.3-1, STM32Cube_FW_C0_V1.1.0, STM32Cube_FW_F4_V1.27.1, STM32Cube_FW_F7_V1.17.0, STM32Cube_FW_G0_V1.6.1, STM32Cube_FW_G4_V1.5.1, STM32Cube_FW_H5_V0.5.1, STM32Cube_FW_H5_V1.1.1, STM32Cube_FW_H7_V1.11.0, STM32Cube_FW_L0_V1.12.2, STM32Cube_FW_L5_V1.5.0, STM32Cube_FW_U5_V1.3.0, STM32Cube_FW_U5_V1.3.0RC4, STM32Cube_FW_WBA_V1.0.0RC1, STM32Cube_FW_WBA_V1.1.0RC1, STM32Cube_FW_WBA_V1.1.1, STM32Cube_FW_WB_V1.15.0RC1, STM32Cube_FW_WB_V1.16.0, STM32Cube_FW_WB_V1.16.0RC2, STM32Cube_FW_WB_V1.17.3, STM32Cube_FW_WL_V1.3.0, X-CUBE-ALGOBUILD_V1.3.0, X-CUBE-ALS_V1.0.1, X-CUBE-AZRTOS-F4_V1.1.0, X-CUBE-AZRTOS-F7_V1.1.0, X-CUBE-AZRTOS-G0_V1.1.0, X-CUBE-AZRTOS-G4_V2.0.0, X-CUBE-AZRTOS-H7_V3.1.0, X-CUBE-AZRTOS-L4_V1.0.0, X-CUBE-AZRTOS-L4_V2.0.0, X-CUBE-AZRTOS-L5_V1.1.0, X-CUBE-AZRTOS-WB_V2.0.0, X-CUBE-AZRTOS-WL_V2.0.0, X-CUBE-BLE1_V7.0.0, X-CUBE-BLE2_V3.3.0, X-CUBE-BLEMGR_V2.0.0, X-CUBE-EEPRMA1_V4.1.0, X-CUBE-FREERTOS_V1.1.0, X-CUBE-GNSS1_V6.0.0, X-CUBE-MEMS1_V10.0.0, X-CUBE-MEMS1_V9.1.0, X-CUBE-MEMS1_V9.4.0, X-CUBE-MEMS1_V9.6.0, X-CUBE-NFC4_V3.0.0, X-CUBE-NFC7_V1.0.1, X-CUBE-SFXS2LP1_V4.0.0, X-CUBE-SUBG2_V5.0.0, X-CUBE-TOF1_V3.3.1]
2023-10-25 22:32:26,644 [INFO] DbBoardsSqlite:226 - include board P-NUCLEO-WB55-NUCLEO as a kit item of type 'Nucleo-64'
2023-10-25 22:32:26,645 [INFO] DbBoardsSqlite:226 - include board P-NUCLEO-WB55-USBDONGLE as a kit item of type 'Nucleo USB Dongle'
2023-10-25 22:32:26,645 [INFO] DbBoardsSqlite:226 - include board STEVAL-IDP005V1 as a kit item of type 'Evaluation Board'
2023-10-25 22:32:26,645 [INFO] DbBoardsSqlite:226 - include board STEVAL-IDP005V2 as a kit item of type 'Evaluation Board'
2023-10-25 22:32:26,734 [INFO] ApiDb:240 - Found 297 in-development CPN: [B-G473E-ZEST1S, B-WB1M-WPAN1, B-WL5M-SUBG1, NUCLEO-C031C6, NUCLEO-H503RB, NUCLEO-H563ZI, NUCLEO-U545RE-Q, NUCLEO-U5A5ZJ-Q, NUCLEO-WBA52CG, STEVAL-PROTEUS1, STEVAL-STWINBX1, STM320518-EVAL, STM32C0116-DK, STM32C011D6Y3TR, STM32C011D6Y6TR, STM32C011F4P3, STM32C011F4P6, STM32C011F4U3, STM32C011F4U6TR, STM32C011F6P3, STM32C011F6P6, STM32C011F6U3, STM32C011F6U6TR, STM32C011J4M3, STM32C011J4M6, STM32C011J6M3, STM32C011J6M6, STM32C0316-DK, STM32C031C4T3, STM32C031C4T6, STM32C031C4U3, STM32C031C4U6, STM32C031C6T3, STM32C031C6T6, STM32C031C6U3, STM32C031C6U6, STM32C031F4P3, STM32C031F4P6, STM32C031F6P3, STM32C031F6P6, STM32C031G4U3, STM32C031G4U6, STM32C031G6U3, STM32C031G6U6, STM32C031K4T3, STM32C031K4T6, STM32C031K4U3, STM32C031K4U6, STM32C031K6T3, STM32C031K6T6, STM32C031K6U3, STM32C031K6U6, STM32G071K8TXN, STM32G071K8UXN, STM32G081GBU6N, STM32G081KBT6N, STM32G081KBUXN, STM32G0B1CCT6N, STM32G0B1KCT6, STM32G0B1NEY6TR, STM32G0B1RCT6N, STM32G0C1CCT6, STM32G0C1CCT6N, STM32G0C1CCU6N, STM32G0C1CET6N, STM32G0C1CEU6N, STM32G0C1KCT6, STM32G0C1NEY6TR, STM32G0C1RCI6N, STM32G0C1RCT6N, STM32G0C1REI6N, STM32G0C1RET6N, STM32G0C1VCI6, STM32G0C1VEI6, STM32G471CCT6, STM32G471CCU6, STM32G471CET3, STM32G471CET6, STM32G471CEU3, STM32G471CEU6, STM32G471MCT6, STM32G471MET3, STM32G471MET6, STM32G471MEY6TR, STM32G471QCT6, STM32G471QET3, STM32G471RCT6, STM32G471RET3, STM32G471RET6, STM32G471VCH6, STM32G471VCI6, STM32G471VCT6, STM32G471VEH3, STM32G471VEH6, STM32G471VEI3, STM32G471VEI6, STM32G471VET3, STM32G471VET6, STM32G474CCT6, STM32H503CBT6, STM32H503CBU6, STM32H503EBY6TR, STM32H503KBU6, STM32H503RBT6, STM32H562AGI6, STM32H562AII6, STM32H562IGK6, STM32H562IGT6, STM32H562IIK6, STM32H562IIT6, STM32H562RGT6, STM32H562RGV6, STM32H562RIT6, STM32H562RIV6, STM32H562VGT6, STM32H562VIT6, STM32H562ZGT6, STM32H562ZIT6, STM32H563AGI6, STM32H563AII3Q, STM32H563AII6, STM32H563IGK6, STM32H563IGT6, STM32H563IIK3Q, STM32H563IIK6, STM32H563IIT3Q, STM32H563IIT6, STM32H563MIY3QTR, STM32H563RGT6, STM32H563RGV6, STM32H563RIT6, STM32H563RIV6, STM32H563VGT6, STM32H563VIT3Q, STM32H563VIT6, STM32H563ZGT6, STM32H563ZIT3Q, STM32H563ZIT6, STM32H573AII3Q, STM32H573AII6, STM32H573I-DK, STM32H573IIK3Q, STM32H573IIK6, STM32H573IIT3Q, STM32H573IIT6, STM32H573MIY3QTR, STM32H573RIT6, STM32H573RIV6, STM32H573VIT3Q, STM32H573VIT6, STM32H573ZIT3Q, STM32H573ZIT6, STM32L4R5QGI6STR, STM32MP131AAE3, STM32MP131AAF3, STM32MP131AAG3, STM32MP131CAE3, STM32MP131CAF3, STM32MP131CAG3, STM32MP131DAE7, STM32MP131DAF7, STM32MP131DAG7, STM32MP131FAE7, STM32MP131FAF7, STM32MP131FAG7, STM32MP133AAE3, STM32MP133AAF3, STM32MP133AAG3, STM32MP133CAE3, STM32MP133CAF3, STM32MP133CAG3, STM32MP133DAE7, STM32MP133DAF7, STM32MP133DAG7, STM32MP133FAE7, STM32MP133FAF7, STM32MP133FAG7, STM32MP135AAE3, STM32MP135AAF3, STM32MP135AAG3, STM32MP135CAE3, STM32MP135CAF3, STM32MP135CAG3, STM32MP135DAE7, STM32MP135DAF7, STM32MP135DAG7, STM32MP135F-DK, STM32MP135FAE7, STM32MP135FAF7, STM32MP135FAF7T, STM32MP135FAF7U, STM32MP135FAG7, STM32U535CBT6, STM32U535CBT6Q, STM32U535CBU6, STM32U535CBU6Q, STM32U535CCT6, STM32U535CCT6Q, STM32U535CCU6, STM32U535CCU6Q, STM32U535CET6, STM32U535CET6Q, STM32U535CEU6, STM32U535CEU6Q, STM32U535JEY6QTR, STM32U535NCY6QTR, STM32U535NEY6QTR, STM32U535RBI6, STM32U535RBI6Q, STM32U535RBT6, STM32U535RBT6Q, STM32U535RCI6, STM32U535RCI6Q, STM32U535RCT6, STM32U535RCT6Q, STM32U535REI6, STM32U535REI6Q, STM32U535RET6, STM32U535RET6Q, STM32U535VCI6, STM32U535VCI6Q, STM32U535VCT6, STM32U535VCT6Q, STM32U535VEI6, STM32U535VEI6Q, STM32U535VET6, STM32U535VET6Q, STM32U545CET6, STM32U545CET6Q, STM32U545CEU6, STM32U545CEU6Q, STM32U545JEY6QTR, STM32U545NEY6QTR, STM32U545REI6, STM32U545REI6Q, STM32U545RET6, STM32U545RET6Q, STM32U545VEI6, STM32U545VEI6Q, STM32U545VET6, STM32U545VET6Q, STM32U595AIH6, STM32U595AIH6Q, STM32U595AJH6, STM32U595AJH6Q, STM32U595QII6, STM32U595QII6Q, STM32U595QJI6, STM32U595QJI6Q, STM32U595RIT6, STM32U595RIT6Q, STM32U595RJT6, STM32U595RJT6Q, STM32U595VIT6, STM32U595VIT6Q, STM32U595VJT6, STM32U595VJT6Q, STM32U595ZIT6, STM32U595ZIT6Q, STM32U595ZIY6QTR, STM32U595ZJT6, STM32U595ZJT6Q, STM32U595ZJY6QTR, STM32U599BJY6QTR, STM32U599NIH6Q, STM32U599NJH6Q, STM32U599VIT6Q, STM32U599VJT6, STM32U599VJT6Q, STM32U599ZIT6Q, STM32U599ZIY6QTR, STM32U599ZJT6Q, STM32U599ZJY6QTR, STM32U5A5AJH6, STM32U5A5AJH6Q, STM32U5A5QJI6, STM32U5A5QJI6Q, STM32U5A5RJT6, STM32U5A5RJT6Q, STM32U5A5VJT6, STM32U5A5VJT6Q, STM32U5A5ZJT6, STM32U5A5ZJT6Q, STM32U5A5ZJY6QTR, STM32U5A9BJY6QTR, STM32U5A9J-DK, STM32U5A9NJH6Q, STM32U5A9VJT6Q, STM32U5A9ZJT6Q, STM32U5A9ZJY6QTR, STM32WB1MMCH6, STM32WBA52CEU6, STM32WBA52CEU6T, STM32WBA52CGU6, STM32WBA52CGU6T, STM32WL5MOCH6, STM32WL5MOCH6TR]
2023-10-25 22:32:27,353 [INFO] BoardInfo:880 - No configuration file found for board P-NUCLEO-WB55
2023-10-25 22:32:27,354 [INFO] DbBoards:157 - Kit is not supported: P-NUCLEO-WB55
2023-10-25 22:32:27,363 [INFO] BoardInfo:880 - No configuration file found for board STEVAL-BFA001V1B
2023-10-25 22:32:27,363 [INFO] DbBoards:157 - Kit is not supported: STEVAL-BFA001V1B
2023-10-25 22:32:27,368 [INFO] BoardInfo:880 - No configuration file found for board STEVAL-BFA001V2B
2023-10-25 22:32:27,368 [INFO] DbBoards:157 - Kit is not supported: STEVAL-BFA001V2B
2023-10-25 22:32:27,383 [INFO] BoardInfo:880 - No configuration file found for board STEVAL-SMARTAG2
2023-10-25 22:32:27,383 [INFO] DbBoards:157 - Board is not supported: STEVAL-SMARTAG2
2023-10-25 22:32:27,673 [INFO] DbBoards:161 - Found 188 boards, 184 are supported
2023-10-25 22:32:27,676 [INFO] ApiDb:423 - Load user favorites file C:\Users\Admin/.stm32cubeide/favorites.boards.txt: 0 item(s)
2023-10-25 22:32:27,676 [INFO] ApiDb:427 - User favorites Boards=[]
2023-10-25 22:32:27,676 [INFO] DbBoards:190 - Set 0 / 0 favorites Boards
2023-10-25 22:32:27,686 [INFO] ApiDb:668 - CubeFinder database Data Model version=2.1
2023-10-25 22:32:27,686 [INFO] ApiDb:669 - CubeFinder database Configuration version=3.0.37
2023-10-25 22:32:27,686 [INFO] ApiDb:670 - CubeFinder database generation date=2023-10-13 (1697197505)
2023-10-25 22:32:27,687 [INFO] ApiDb:671 - CubeFinder database FW Pack versions=[FP-ATR-ASTRA1_V2.0.0, FP-SNS-FLIGHT1_V5.0.1, FP-SNS-FLIGHT1_V5.0.2, FP-SNS-MOTENV1_V4.3.1, FP-SNS-MOTENV1_V4.3.2, FP-SNS-SMARTAG2_V1.2.0, I-CUBE-ITTIADB_V8.6.3-1, STM32Cube_FW_C0_V1.1.0, STM32Cube_FW_F4_V1.27.1, STM32Cube_FW_F7_V1.17.0, STM32Cube_FW_G0_V1.6.1, STM32Cube_FW_G4_V1.5.1, STM32Cube_FW_H5_V0.5.1, STM32Cube_FW_H5_V1.1.1, STM32Cube_FW_H7_V1.11.0, STM32Cube_FW_L0_V1.12.2, STM32Cube_FW_L5_V1.5.0, STM32Cube_FW_U5_V1.3.0, STM32Cube_FW_U5_V1.3.0RC4, STM32Cube_FW_WBA_V1.0.0RC1, STM32Cube_FW_WBA_V1.1.0RC1, STM32Cube_FW_WBA_V1.1.1, STM32Cube_FW_WB_V1.15.0RC1, STM32Cube_FW_WB_V1.16.0, STM32Cube_FW_WB_V1.16.0RC2, STM32Cube_FW_WB_V1.17.3, STM32Cube_FW_WL_V1.3.0, X-CUBE-ALGOBUILD_V1.3.0, X-CUBE-ALS_V1.0.1, X-CUBE-AZRTOS-F4_V1.1.0, X-CUBE-AZRTOS-F7_V1.1.0, X-CUBE-AZRTOS-G0_V1.1.0, X-CUBE-AZRTOS-G4_V2.0.0, X-CUBE-AZRTOS-H7_V3.1.0, X-CUBE-AZRTOS-L4_V1.0.0, X-CUBE-AZRTOS-L4_V2.0.0, X-CUBE-AZRTOS-L5_V1.1.0, X-CUBE-AZRTOS-WB_V2.0.0, X-CUBE-AZRTOS-WL_V2.0.0, X-CUBE-BLE1_V7.0.0, X-CUBE-BLE2_V3.3.0, X-CUBE-BLEMGR_V2.0.0, X-CUBE-EEPRMA1_V4.1.0, X-CUBE-FREERTOS_V1.1.0, X-CUBE-GNSS1_V6.0.0, X-CUBE-MEMS1_V10.0.0, X-CUBE-MEMS1_V9.1.0, X-CUBE-MEMS1_V9.4.0, X-CUBE-MEMS1_V9.6.0, X-CUBE-NFC4_V3.0.0, X-CUBE-NFC7_V1.0.1, X-CUBE-SFXS2LP1_V4.0.0, X-CUBE-SUBG2_V5.0.0, X-CUBE-TOF1_V3.3.1]
2023-10-25 22:32:29,391 [ERROR] DbExamplesSqlite:418 - Missing JSON key: board_cpn
2023-10-25 22:32:29,391 [ERROR] DbExamplesSqlite:418 - Missing JSON key: board_cpn
2023-10-25 22:32:29,392 [ERROR] DbExamplesSqlite:418 - Missing JSON key: board_cpn
2023-10-25 22:32:29,392 [ERROR] DbExamplesSqlite:418 - Missing JSON key: board_cpn
2023-10-25 22:32:29,410 [INFO] DbExamplesSqlite:376 - Ignored 27 examples not supported by CubeIDE
2023-10-25 22:32:29,411 [INFO] DbExamplesSqlite:377 - Found 7221 examples active
2023-10-25 22:32:29,412 [INFO] DbExamplesSqlite:378 - Found 777 examples obsolete
2023-10-25 22:32:29,412 [INFO] DbExamplesSqlite:379 - Found 0 examples under development
2023-10-25 22:32:29,413 [INFO] DbExamplesSqlite:380 - Found 74 examples not building
2023-10-25 22:32:29,416 [INFO] DbExamples:125 - Found 7268 examples
2023-10-25 22:32:29,488 [ERROR] DbExamples:208 - Found 22 examples with invalid data (board or MCU)
2023-10-25 22:32:29,489 [INFO] DbExamples:222 - Found 92 boards with related examples
2023-10-25 22:32:29,491 [INFO] DbExamples:235 - Found 78 MCUs with related examples
2023-10-25 22:32:29,538 [INFO] ApiDb:414 - User favorites file not found: C:\Users\Admin/.stm32cubeide/favorites.examples.txt
2023-10-25 22:32:29,539 [INFO] DbExamples:250 - Set 0 / 0 favorites Examples
2023-10-25 22:32:30,450 [INFO] McuFinderGlobals:66 - Set McuFinderConnectedMode to true
2023-10-25 22:32:30,506 [INFO] MultiScanPanel:200 - Auto-refresh data requested => check proxy status ongoing
2023-10-25 22:32:30,516 [INFO] FinderPluginLoader:95 - Searching for filters in installed packs
2023-10-25 22:32:34,439 [INFO] LoadUrlFilesThread:185 - End of LoadServerUrlFiles without Thread
2023-10-25 22:32:34,457 [INFO] DetailPanel:341 - Set advertising image to C:/Users/Admin/STM32Cube/Repository/\en.prom-stm32h5-mcu-finder.jpg
2023-10-25 22:34:09,417 [INFO] MainUpdater:2854 - connection check result : 10
2023-10-25 22:34:09,418 [INFO] MainUpdater:2854 - connection check result : 10
2023-10-25 22:34:09,479 [INFO] MicroXplorer:468 - Change Database Path : 
2023-10-25 22:34:09,479 [INFO] MicroXplorer:498 - Change Database Version : DB.6.0.81
2023-10-25 22:34:09,480 [WARN] ThirdParty:871 - waiting for thirdparty lock release [close project]
2023-10-25 22:34:09,480 [INFO] ThirdParty:873 - entering critical section [close project]
2023-10-25 22:34:09,481 [INFO] ThirdParty:883 - exiting critical section [close project]
2023-10-25 22:34:09,497 [INFO] PinOutPanel:1499 - setPackage(No Configuration,No Configuration)
2023-10-25 22:34:09,540 [INFO] UtilMem:75 - Begin LoadConfig() Used Memory: 566529056 Bytes (623902720)
2023-10-25 22:34:09,544 [INFO] MicroXplorer:468 - Change Database Path : 
2023-10-25 22:34:09,544 [INFO] MicroXplorer:498 - Change Database Version : DB.6.0.81
2023-10-25 22:34:09,544 [INFO] OpenFileManager:308 - Change cursor
2023-10-25 22:34:09,671 [INFO] Mcu:1937 - Initializing MCU STM32F103C6Ux STM32F103C6Ux 
2023-10-25 22:34:09,673 [INFO] Mcu:1950 - No CPN specified => set CPN to STM32F103C6U6A
2023-10-25 22:34:11,826 [INFO] Context:659 - Trying to add GPIOservice into a context  which must be forbidden
2023-10-25 22:34:12,352 [INFO] ImportTextPane:194 - (OptionalMessage_ERROR) Unable to find key (Mcu.ThirdPartyNb) in loaded IOC file
2023-10-25 22:34:12,353 [INFO] ImportTextPane:194 - (OptionalMessage_ERROR) Unable to find key (Mcu.PinsNb) in loaded IOC file
2023-10-25 22:34:12,353 [INFO] ImportTextPane:194 - (OptionalMessage_ERROR) Unable to find key (Mcu.IPNb) in loaded IOC file
2023-10-25 22:34:13,144 [INFO] RtosManager:555 - Registered RTOS mode: class=CMSIS, group=RTOS, mode=CMSIS_V1, owner=FREERTOS
2023-10-25 22:34:13,150 [INFO] RtosManager:555 - Registered RTOS mode: class=CMSIS, group=RTOS2, mode=CMSIS_V2, owner=FREERTOS
2023-10-25 22:34:13,151 [INFO] RtosManager:555 - Registered RTOS mode: class=RTOS, group=Core, mode=CMSIS_V1, owner=FREERTOS
2023-10-25 22:34:13,151 [INFO] RtosManager:555 - Registered RTOS mode: class=RTOS, group=Core, mode=CMSIS_V2, owner=FREERTOS
2023-10-25 22:34:13,151 [WARN] ModelIntegratedComponent:184 - Missing modes for component STMicroelectronics:FreeRTOS:0.0.1:STMicroelectronics:RTOS:FreeRTOS:Core:::10.2.0:
2023-10-25 22:34:13,209 [WARN] ModelIntegratedComponent:63 - No mode defined for component null
2023-10-25 22:34:13,209 [WARN] ModelIntegratedComponent:63 - No mode defined for component null
2023-10-25 22:34:13,209 [WARN] ModelIntegratedComponent:63 - No mode defined for component null
2023-10-25 22:34:13,209 [WARN] ModelIntegratedComponent:63 - No mode defined for component null
2023-10-25 22:34:13,210 [WARN] ModelIntegratedComponent:63 - No mode defined for component null
2023-10-25 22:34:13,210 [WARN] ModelIntegratedComponent:63 - No mode defined for component null
2023-10-25 22:34:13,210 [WARN] ModelIntegratedComponent:63 - No mode defined for component null
2023-10-25 22:34:13,210 [WARN] ModelIntegratedComponent:63 - No mode defined for component null
2023-10-25 22:34:13,210 [WARN] ModelIntegratedComponent:63 - No mode defined for component null
2023-10-25 22:34:13,210 [WARN] ModelIntegratedComponent:63 - No mode defined for component null
2023-10-25 22:34:13,211 [WARN] ModelIntegratedComponent:63 - No mode defined for component null
2023-10-25 22:34:13,211 [WARN] ModelIntegratedComponent:63 - No mode defined for component null
2023-10-25 22:34:13,211 [WARN] ModelIntegratedComponent:63 - No mode defined for component null
2023-10-25 22:34:13,211 [WARN] ModelIntegratedComponent:63 - No mode defined for component null
2023-10-25 22:34:13,211 [WARN] ModelIntegratedComponent:63 - No mode defined for component null
2023-10-25 22:34:13,211 [WARN] ModelIntegratedComponent:63 - No mode defined for component null
2023-10-25 22:34:13,211 [WARN] ModelIntegratedComponent:63 - No mode defined for component null
2023-10-25 22:34:13,211 [WARN] ModelIntegratedComponent:63 - No mode defined for component null
2023-10-25 22:34:13,211 [WARN] ModelIntegratedComponent:63 - No mode defined for component null
2023-10-25 22:34:13,211 [WARN] ModelIntegratedComponent:63 - No mode defined for component null
2023-10-25 22:34:13,212 [WARN] ModelIntegratedComponent:63 - No mode defined for component null
2023-10-25 22:34:13,212 [WARN] ModelIntegratedComponent:63 - No mode defined for component null
2023-10-25 22:34:13,212 [WARN] ModelIntegratedComponent:63 - No mode defined for component null
2023-10-25 22:34:13,212 [WARN] ModelIntegratedComponent:63 - No mode defined for component null
2023-10-25 22:34:13,212 [WARN] ModelIntegratedComponent:63 - No mode defined for component null
2023-10-25 22:34:13,212 [WARN] ModelIntegratedComponent:63 - No mode defined for component null
2023-10-25 22:34:13,212 [WARN] ModelIntegratedComponent:63 - No mode defined for component null
2023-10-25 22:34:13,212 [WARN] ModelIntegratedComponent:63 - No mode defined for component null
2023-10-25 22:34:13,212 [WARN] ModelIntegratedComponent:63 - No mode defined for component null
2023-10-25 22:34:13,212 [WARN] ModelIntegratedComponent:63 - No mode defined for component null
2023-10-25 22:34:13,213 [WARN] ModelIntegratedComponent:63 - No mode defined for component null
2023-10-25 22:34:13,213 [WARN] ModelIntegratedComponent:63 - No mode defined for component null
2023-10-25 22:34:13,213 [WARN] ModelIntegratedComponent:63 - No mode defined for component null
2023-10-25 22:34:13,549 [INFO] ThirdPartyModel:298 - Start build external matchings
2023-10-25 22:34:14,737 [INFO] ThirdPartyModel:316 - End build external matchings
2023-10-25 22:34:15,067 [INFO] UtilMem:75 - End LoadConfig() Used Memory: 585600584 Bytes (717225984)
2023-10-25 22:34:15,130 [WARN] ThirdParty:833 - waiting for thirdparty lock release [change project]
2023-10-25 22:34:15,131 [INFO] ThirdParty:835 - entering critical section [change project]
2023-10-25 22:34:15,131 [INFO] ThirdParty:1030 - CMSIS Pack Vendor :STMicroelectronics X-CUBE-ISPU 1.1.0
2023-10-25 22:34:15,131 [INFO] ThirdParty:1030 - CMSIS Pack Vendor :STMicroelectronics X-CUBE-GNSS1 6.0.0
2023-10-25 22:34:15,131 [INFO] ThirdParty:1030 - CMSIS Pack Vendor :STMicroelectronics USB_HOST 2.0.0
2023-10-25 22:34:15,131 [INFO] ThirdParty:1030 - CMSIS Pack Vendor :STMicroelectronics X-CUBE-AZRTOS-F4 1.1.0
2023-10-25 22:34:15,131 [INFO] ThirdParty:1030 - CMSIS Pack Vendor :STMicroelectronics LIBJPEG 8.0.0
2023-10-25 22:34:15,132 [INFO] ThirdParty:1030 - CMSIS Pack Vendor :STMicroelectronics X-CUBE-SMBUS 2.1.0
2023-10-25 22:34:15,132 [INFO] ThirdParty:1030 - CMSIS Pack Vendor :wolfSSL I-CUBE-wolfSSL 5.6.0
2023-10-25 22:34:15,132 [INFO] ThirdParty:1030 - CMSIS Pack Vendor :STMicroelectronics USB_DEVICE 3.0.0
2023-10-25 22:34:15,132 [INFO] ThirdParty:1030 - CMSIS Pack Vendor :STMicroelectronics X-CUBE-AZRTOS-WB 2.0.0
2023-10-25 22:34:15,132 [INFO] ThirdParty:1030 - CMSIS Pack Vendor :STMicroelectronics X-CUBE-FREERTOS 1.0.1
2023-10-25 22:34:15,132 [INFO] ThirdParty:1030 - CMSIS Pack Vendor :STMicroelectronics X-CUBE-AZRTOS-F7 1.1.0
2023-10-25 22:34:15,132 [INFO] ThirdParty:1030 - CMSIS Pack Vendor :STMicroelectronics X-CUBE-TOUCHGFX 4.21.4
2023-10-25 22:34:15,132 [INFO] ThirdParty:1030 - CMSIS Pack Vendor :STMicroelectronics X-CUBE-AZRTOS-L5 2.0.0
2023-10-25 22:34:15,132 [INFO] ThirdParty:1030 - CMSIS Pack Vendor :STMicroelectronics USB_DEVICE 2.0.0
2023-10-25 22:34:15,133 [INFO] ThirdParty:1030 - CMSIS Pack Vendor :STMicroelectronics X-CUBE-MEMS1 9.6.0
2023-10-25 22:34:15,133 [INFO] ThirdParty:1030 - CMSIS Pack Vendor :STMicroelectronics X-CUBE-EEPRMA1 4.2.0
2023-10-25 22:34:15,133 [INFO] ThirdParty:1030 - CMSIS Pack Vendor :ITTIA_DB I-CUBE-ITTIADB 8.8.0
2023-10-25 22:34:15,133 [INFO] ThirdParty:1030 - CMSIS Pack Vendor :STMicroelectronics FP-SNS-MOTENV1 4.3.2
2023-10-25 22:34:15,133 [INFO] ThirdParty:1030 - CMSIS Pack Vendor :STMicroelectronics FP-SNS-MOTENV1 4.3.1
2023-10-25 22:34:15,133 [INFO] ThirdParty:1030 - CMSIS Pack Vendor :STMicroelectronics FP-SNS-FLIGHT1 5.0.1
2023-10-25 22:34:15,133 [INFO] ThirdParty:1030 - CMSIS Pack Vendor :STMicroelectronics X-CUBE-ALGOBUILD 1.3.0
2023-10-25 22:34:15,133 [INFO] ThirdParty:1030 - CMSIS Pack Vendor :STMicroelectronics X-CUBE-BLE1 6.2.4
2023-10-25 22:34:15,133 [INFO] ThirdParty:1030 - CMSIS Pack Vendor :STMicroelectronics X-CUBE-AZRTOS-L5 1.1.0
2023-10-25 22:34:15,133 [INFO] ThirdParty:1030 - CMSIS Pack Vendor :STMicroelectronics FreeRTOS 0.0.1
2023-10-25 22:34:15,133 [INFO] ThirdParty:1030 - CMSIS Pack Vendor :STMicroelectronics X-CUBE-AZRTOS-G0 1.1.0
2023-10-25 22:34:15,134 [INFO] ThirdParty:1030 - CMSIS Pack Vendor :emotas I-CUBE-CANOPEN 1.1.3
2023-10-25 22:34:15,134 [INFO] ThirdParty:1030 - CMSIS Pack Vendor :STMicroelectronics X-CUBE-BLEMGR 2.0.0
2023-10-25 22:34:15,134 [INFO] ThirdParty:1030 - CMSIS Pack Vendor :STMicroelectronics X-CUBE-AI 8.0.1
2023-10-25 22:34:15,134 [INFO] ThirdParty:1030 - CMSIS Pack Vendor :STMicroelectronics X-CUBE-NFC4 3.0.0
2023-10-25 22:34:15,134 [INFO] ThirdParty:1030 - CMSIS Pack Vendor :STMicroelectronics X-CUBE-SUBG2 5.0.0
2023-10-25 22:34:15,134 [INFO] ThirdParty:1030 - CMSIS Pack Vendor :STMicroelectronics STM32_WPAN 1.0.0
2023-10-25 22:34:15,134 [INFO] ThirdParty:1030 - CMSIS Pack Vendor :STMicroelectronics lwIP 2.0.3
2023-10-25 22:34:15,134 [INFO] ThirdParty:1030 - CMSIS Pack Vendor :STMicroelectronics USB_HOST 1.0.0
2023-10-25 22:34:15,134 [INFO] ThirdParty:1030 - CMSIS Pack Vendor :STMicroelectronics X-CUBE-TOF1 3.3.1
2023-10-25 22:34:15,135 [INFO] ThirdParty:1030 - CMSIS Pack Vendor :STMicroelectronics X-CUBE-AZRTOS-G4 2.0.0
2023-10-25 22:34:15,135 [INFO] ThirdParty:1030 - CMSIS Pack Vendor :STMicroelectronics PDM2PCM 3.1.0
2023-10-25 22:34:15,135 [INFO] ThirdParty:1030 - CMSIS Pack Vendor :STMicroelectronics X-CUBE-AZRTOS-H7 3.1.0
2023-10-25 22:34:15,135 [INFO] ThirdParty:1030 - CMSIS Pack Vendor :STMicroelectronics X-CUBE-TOF1 3.3.0
2023-10-25 22:34:15,135 [INFO] ThirdParty:1030 - CMSIS Pack Vendor :Infineon AIROC-Wi-Fi-Bluetooth-STM32 1.5.1
2023-10-25 22:34:15,135 [INFO] ThirdParty:1030 - CMSIS Pack Vendor :STMicroelectronics PDM2PCM 3.3.0
2023-10-25 22:34:15,135 [INFO] ThirdParty:1030 - CMSIS Pack Vendor :STMicroelectronics X-CUBE-DISPLAY 3.0.0
2023-10-25 22:34:15,135 [INFO] ThirdParty:1030 - CMSIS Pack Vendor :STMicroelectronics FP-ATR-SIGFOX1 3.2.0
2023-10-25 22:34:15,135 [INFO] ThirdParty:1030 - CMSIS Pack Vendor :STMicroelectronics HAL Drivers 0.0.0
2023-10-25 22:34:15,135 [INFO] ThirdParty:1030 - CMSIS Pack Vendor :STMicroelectronics MBEDTLS 2.16.2
2023-10-25 22:34:15,135 [INFO] ThirdParty:1030 - CMSIS Pack Vendor :STMicroelectronics X-CUBE-MEMS1 10.0.0
2023-10-25 22:34:15,135 [INFO] ThirdParty:1030 - CMSIS Pack Vendor :STMicroelectronics X-CUBE-FREERTOS 1.1.0
2023-10-25 22:34:15,136 [INFO] ThirdParty:1030 - CMSIS Pack Vendor :STMicroelectronics X-CUBE-TOUCHGFX 4.22.0
2023-10-25 22:34:15,136 [INFO] ThirdParty:1030 - CMSIS Pack Vendor :STMicroelectronics X-CUBE-NFC7 1.0.1
2023-10-25 22:34:15,136 [INFO] ThirdParty:1030 - CMSIS Pack Vendor :STMicroelectronics MBEDTLS 2.14.1
2023-10-25 22:34:15,136 [INFO] ThirdParty:1030 - CMSIS Pack Vendor :STMicroelectronics X-CUBE-TOUCHGFX 4.22.1
2023-10-25 22:34:15,136 [INFO] ThirdParty:1030 - CMSIS Pack Vendor :STMicroelectronics X-CUBE-NFC6 3.0.0
2023-10-25 22:34:15,136 [INFO] ThirdParty:1030 - CMSIS Pack Vendor :STMicroelectronics X-CUBE-EEPRMA1 4.1.0
2023-10-25 22:34:15,136 [INFO] ThirdParty:1030 - CMSIS Pack Vendor :portGmbH I-Cube-SoM-uGOAL 1.1.0
2023-10-25 22:34:15,136 [INFO] ThirdParty:1030 - CMSIS Pack Vendor :STMicroelectronics X-CUBE-ALS 1.0.1
2023-10-25 22:34:15,136 [INFO] ThirdParty:1030 - CMSIS Pack Vendor :STMicroelectronics ThreadX 1.0.0
2023-10-25 22:34:15,136 [INFO] ThirdParty:1030 - CMSIS Pack Vendor :STMicroelectronics FP-SNS-SMARTAG2 1.2.0
2023-10-25 22:34:15,136 [INFO] ThirdParty:1030 - CMSIS Pack Vendor :STMicroelectronics X-CUBE-AZRTOS-WB 1.1.0
2023-10-25 22:34:15,137 [INFO] ThirdParty:1030 - CMSIS Pack Vendor :STMicroelectronics X-CUBE-AZRTOS-WL 2.0.0
2023-10-25 22:34:15,137 [INFO] ThirdParty:1030 - CMSIS Pack Vendor :SEGGER I-CUBE-embOS 1.3.1
2023-10-25 22:34:15,137 [INFO] ThirdParty:1030 - CMSIS Pack Vendor :STMicroelectronics USB_DEVICE 1.0.0
2023-10-25 22:34:15,137 [INFO] ThirdParty:1030 - CMSIS Pack Vendor :STMicroelectronics X-CUBE-AZRTOS-L4 2.0.0
2023-10-25 22:34:15,137 [INFO] ThirdParty:1030 - CMSIS Pack Vendor :STMicroelectronics ThreadX 0.0.2
2023-10-25 22:34:15,138 [INFO] ThirdParty:1030 - CMSIS Pack Vendor :WES I-CUBE-Cesium 1.3.0
2023-10-25 22:34:15,138 [INFO] ThirdParty:1030 - CMSIS Pack Vendor :STMicroelectronics FP-ATR-ASTRA1 2.0.0
2023-10-25 22:34:15,138 [INFO] ThirdParty:1030 - CMSIS Pack Vendor :STMicroelectronics lwIP 2.1.2
2023-10-25 22:34:15,139 [INFO] ThirdParty:1030 - CMSIS Pack Vendor :STMicroelectronics X-CUBE-SFXS2LP1 4.0.0
2023-10-25 22:34:15,139 [INFO] ThirdParty:1030 - CMSIS Pack Vendor :STMicroelectronics X-CUBE-BLE2 3.3.0
2023-10-25 22:34:15,139 [INFO] ThirdParty:1030 - CMSIS Pack Vendor :STMicroelectronics PDM2PCM 3.2.0
2023-10-25 22:34:15,139 [INFO] ThirdParty:841 - exiting critical section [change project]
2023-10-25 22:34:15,684 [INFO] PinOutPanel:1499 - setPackage(No Configuration,No Configuration)
2023-10-25 22:34:15,687 [INFO] PinOutPanel:1499 - setPackage(STM32F103C6Ux,UFQFPN48)
2023-10-25 22:34:16,733 [INFO] UtilMem:75 - Before build in PCC Used Memory: 534322136 Bytes (717225984)
2023-10-25 22:34:18,241 [INFO] UtilMem:75 - After build in PCC Used Memory: 585283072 Bytes (770703360)
2023-10-25 22:34:18,292 [INFO] IPUIPlugin:80 - create IPUIPlugin
2023-10-25 22:34:18,293 [INFO] IPUIPlugin:80 - create IPUIPlugin
2023-10-25 22:34:18,293 [INFO] IPUIPlugin:80 - create IPUIPlugin
2023-10-25 22:34:18,293 [INFO] IPUIPlugin:80 - create IPUIPlugin
2023-10-25 22:34:18,294 [INFO] IPUIPlugin:80 - create IPUIPlugin
2023-10-25 22:34:18,294 [INFO] IPUIPlugin:80 - create IPUIPlugin
2023-10-25 22:34:18,294 [INFO] IPUIPlugin:80 - create IPUIPlugin
2023-10-25 22:34:18,296 [INFO] IPUIPlugin:80 - create IPUIPlugin
2023-10-25 22:34:18,298 [INFO] IPUIPlugin:80 - create IPUIPlugin
2023-10-25 22:34:18,299 [INFO] IPUIPlugin:80 - create IPUIPlugin
2023-10-25 22:34:18,299 [INFO] IPUIPlugin:80 - create IPUIPlugin
2023-10-25 22:34:18,300 [INFO] IPUIPlugin:80 - create IPUIPlugin
2023-10-25 22:34:18,303 [INFO] IPUIPlugin:80 - create IPUIPlugin
2023-10-25 22:34:18,304 [INFO] IPUIPlugin:80 - create IPUIPlugin
2023-10-25 22:34:18,310 [INFO] IPUIPlugin:80 - create IPUIPlugin
2023-10-25 22:34:18,312 [INFO] IPUIPlugin:80 - create IPUIPlugin
2023-10-25 22:34:18,312 [INFO] IPUIPlugin:80 - create IPUIPlugin
2023-10-25 22:34:18,313 [INFO] IPUIPlugin:80 - create IPUIPlugin
2023-10-25 22:34:18,313 [INFO] IPUIPlugin:80 - create IPUIPlugin
2023-10-25 22:34:18,314 [INFO] IPUIPlugin:80 - create IPUIPlugin
2023-10-25 22:34:18,314 [INFO] IPUIPlugin:80 - create IPUIPlugin
2023-10-25 22:34:18,315 [INFO] IPUIPlugin:80 - create IPUIPlugin
2023-10-25 22:34:18,316 [INFO] IPUIPlugin:80 - create IPUIPlugin
2023-10-25 22:34:18,688 [INFO] CADModel:165 - CPN selected for project levelSTM32F103C6U6A
2023-10-25 22:34:18,689 [INFO] CADModel:114 - Register for checkConnection events
2023-10-25 22:34:18,753 [INFO] OpenFileManager:328 - Restore cursor
2023-10-25 22:34:20,942 [INFO] UtilMem:75 - End SaveConfig() Used Memory: 558689424 Bytes (770703360)
2023-10-25 22:34:21,084 [INFO] UtilMem:75 - End SaveConfig() Used Memory: 568652944 Bytes (770703360)
2023-10-25 22:34:22,020 [INFO] BlockDiagram:2759 - set Specific Code input for plugin: NVIC
2023-10-25 22:34:22,022 [INFO] BlockDiagram:2759 - set Specific Code input for plugin: RCC
2023-10-25 22:34:22,026 [INFO] CodeGenerator:793 - code generatio: config db path: C:\ST\STM32CubeIDE_1.12.1\STM32CubeIDE\plugins\com.st.stm32cube.common.mx_6.8.1.202304191431\\db\
2023-10-25 22:34:23,097 [INFO] CodeEngine:255 - oldGeneratedFile, D:\231_semester\Microprocessor\lab_3_demo_2\lab_3\MXTmpFiles\license.tmp_save
2023-10-25 22:34:25,208 [INFO] CodeEngine:279 - Generated code: D:\231_semester\Microprocessor\lab_3_demo_2\lab_3\MXTmpFiles\license.tmp
2023-10-25 22:34:25,299 [INFO] CodeEngine:255 - oldGeneratedFile, D:\231_semester\Microprocessor\lab_3_demo_2\lab_3\Core\Src\stm32f1xx_it.c_save
2023-10-25 22:34:26,547 [INFO] CodeEngine:279 - Generated code: D:\231_semester\Microprocessor\lab_3_demo_2\lab_3\Core\Src\stm32f1xx_it.c
2023-10-25 22:34:26,569 [INFO] CodeEngine:255 - oldGeneratedFile, D:\231_semester\Microprocessor\lab_3_demo_2\lab_3\Core\Inc\stm32f1xx_it.h_save
2023-10-25 22:34:27,117 [INFO] CodeEngine:279 - Generated code: D:\231_semester\Microprocessor\lab_3_demo_2\lab_3\Core\Inc\stm32f1xx_it.h
2023-10-25 22:34:27,620 [INFO] CodeEngine:255 - oldGeneratedFile, D:\231_semester\Microprocessor\lab_3_demo_2\lab_3\Core\Src\stm32f1xx_hal_msp.c_save
2023-10-25 22:34:28,095 [INFO] CodeEngine:279 - Generated code: D:\231_semester\Microprocessor\lab_3_demo_2\lab_3\Core\Src\stm32f1xx_hal_msp.c
2023-10-25 22:34:28,130 [INFO] CodeEngine:255 - oldGeneratedFile, D:\231_semester\Microprocessor\lab_3_demo_2\lab_3\MXTmpFiles\system.tmp_save
2023-10-25 22:34:28,556 [INFO] CodeEngine:279 - Generated code: D:\231_semester\Microprocessor\lab_3_demo_2\lab_3\MXTmpFiles\system.tmp
2023-10-25 22:34:28,605 [INFO] CodeEngine:311 - oldGeneratedFile, D:\231_semester\Microprocessor\lab_3_demo_2\lab_3\Core\Inc\stm32f1xx_hal_conf.h_save
2023-10-25 22:34:28,954 [INFO] CodeEngine:335 - Generated code: D:\231_semester\Microprocessor\lab_3_demo_2\lab_3\Core\Inc\stm32f1xx_hal_conf.h
2023-10-25 22:34:29,099 [INFO] CodeEngine:255 - oldGeneratedFile, D:\231_semester\Microprocessor\lab_3_demo_2\lab_3\Core\Inc\main.h_save
2023-10-25 22:34:29,591 [INFO] CodeEngine:279 - Generated code: D:\231_semester\Microprocessor\lab_3_demo_2\lab_3\Core\Inc\main.h
2023-10-25 22:34:29,621 [INFO] CodeEngine:255 - oldGeneratedFile, D:\231_semester\Microprocessor\lab_3_demo_2\lab_3\Core\Src\main.c_save
2023-10-25 22:34:29,999 [INFO] CodeEngine:279 - Generated code: D:\231_semester\Microprocessor\lab_3_demo_2\lab_3\Core\Src\main.c
2023-10-25 22:34:32,374 [INFO] ProjectBuilder:2996 - Time for Copy HAL[1] : 300mS.
2023-10-25 22:34:32,402 [INFO] ProjectBuilder:4304 - Project Generator version: 3.19.2
2023-10-25 22:34:33,278 [INFO] ConfigFileManager:1483 - The Die is : DIE412
2023-10-25 22:34:33,324 [INFO] ApiDbMcu:507 - Load IP Config File for FATFS
2023-10-25 22:34:33,530 [INFO] ApiDbMcu:507 - Load IP Config File for FREERTOS
2023-10-25 22:34:33,600 [INFO] ApiDbMcu:507 - Load IP Config File for USB_DEVICE
2023-10-25 22:34:36,401 [INFO] LogOutputStream:77 - [STDOUT_REDIRECT] 
2023-10-25 22:34:44,849 [INFO] ProjectBuilder:4505 - Time for Generating toolchain IDE Files: 12448mS.
2023-10-25 22:34:44,851 [INFO] ProjectBuilder:2867 - Time for Copy CMSIS : 1mS.
2023-10-25 22:34:44,855 [INFO] ProjectBuilder:2867 - Time for Copy CMSIS : 0mS.
2023-10-25 22:34:49,511 [INFO] McuFinderGlobals:66 - Set McuFinderConnectedMode to true
2023-10-25 22:34:49,515 [INFO] ApiDb:448 - Save user favorites file C:\Users\Admin/.stm32cubeide/favorites.mcus.txt: 0 item(s)
2023-10-25 22:34:49,515 [INFO] ApiDb:452 - User favorites MCUs=[]
2023-10-25 22:36:18,698 [INFO] NvicIntPanel:101 - NVIC parent = com.st.microxplorer.plugins.ip.nvic.MultiNvicIntPanel[,0,0,0x0,invalid,layout=javax.swing.BoxLayout,alignmentX=0.0,alignmentY=0.0,border=,flags=9,maximumSize=,minimumSize=,preferredSize=]
2023-10-25 22:37:01,017 [INFO] Gpio:273 - dependency for GPIO []
2023-10-25 22:37:19,039 [INFO] Gpio:273 - dependency for GPIO []
2023-10-25 22:37:20,950 [INFO] Gpio:273 - dependency for GPIO []
2023-10-25 22:37:23,505 [INFO] Gpio:273 - dependency for GPIO []
2023-10-25 22:37:25,700 [INFO] Gpio:273 - dependency for GPIO []
2023-10-25 22:37:27,877 [INFO] Gpio:273 - dependency for GPIO []
2023-10-25 22:37:29,999 [INFO] Gpio:273 - dependency for GPIO []
2023-10-25 22:37:37,480 [INFO] Gpio:273 - dependency for GPIO []
2023-10-25 22:37:40,754 [INFO] Gpio:273 - dependency for GPIO []
2023-10-25 22:37:50,814 [INFO] Gpio:273 - dependency for GPIO []
2023-10-25 22:37:56,251 [INFO] Gpio:273 - dependency for GPIO []
2023-10-25 22:38:00,475 [INFO] Gpio:273 - dependency for GPIO []
2023-10-25 22:38:03,185 [INFO] Gpio:273 - dependency for GPIO []
2023-10-25 22:38:26,657 [INFO] Gpio:273 - dependency for GPIO []
2023-10-25 22:38:32,381 [INFO] Gpio:273 - dependency for GPIO []
2023-10-25 22:38:34,416 [INFO] Gpio:273 - dependency for GPIO []
2023-10-25 22:38:36,455 [INFO] Gpio:273 - dependency for GPIO []
2023-10-25 22:38:38,771 [INFO] Gpio:273 - dependency for GPIO []
2023-10-25 22:38:50,882 [INFO] UtilMem:75 - End SaveConfig() Used Memory: 739462760 Bytes (952107008)
2023-10-25 22:38:52,021 [INFO] UtilMem:75 - End SaveConfig() Used Memory: 755094328 Bytes (952107008)
2023-10-25 22:38:55,903 [INFO] UtilMem:75 - End SaveConfig() Used Memory: 569196352 Bytes (952107008)
2023-10-25 22:38:56,622 [INFO] BlockDiagram:2759 - set Specific Code input for plugin: NVIC
2023-10-25 22:38:56,622 [INFO] BlockDiagram:2759 - set Specific Code input for plugin: GPIO
2023-10-25 22:38:56,622 [INFO] BlockDiagram:2759 - set Specific Code input for plugin: RCC
2023-10-25 22:38:56,622 [INFO] BlockDiagram:2759 - set Specific Code input for plugin: TIM1_8F1
2023-10-25 22:38:56,628 [INFO] CodeGenerator:793 - code generatio: config db path: C:\ST\STM32CubeIDE_1.12.1\STM32CubeIDE\plugins\com.st.stm32cube.common.mx_6.8.1.202304191431\\db\
2023-10-25 22:38:56,902 [INFO] CodeEngine:255 - oldGeneratedFile, D:\231_semester\Microprocessor\lab_3_demo_2\lab_3\MXTmpFiles\license.tmp_save
2023-10-25 22:38:57,086 [INFO] CodeEngine:279 - Generated code: D:\231_semester\Microprocessor\lab_3_demo_2\lab_3\MXTmpFiles\license.tmp
2023-10-25 22:38:57,221 [INFO] CodeEngine:255 - oldGeneratedFile, D:\231_semester\Microprocessor\lab_3_demo_2\lab_3\MXTmpFiles\gpio.tmp_save
2023-10-25 22:38:57,429 [INFO] CodeEngine:279 - Generated code: D:\231_semester\Microprocessor\lab_3_demo_2\lab_3\MXTmpFiles\gpio.tmp
2023-10-25 22:38:57,767 [INFO] CodeEngine:255 - oldGeneratedFile, D:\231_semester\Microprocessor\lab_3_demo_2\lab_3\Core\Src\stm32f1xx_it.c_save
2023-10-25 22:38:57,984 [INFO] CodeEngine:279 - Generated code: D:\231_semester\Microprocessor\lab_3_demo_2\lab_3\Core\Src\stm32f1xx_it.c
2023-10-25 22:38:58,005 [INFO] CodeEngine:255 - oldGeneratedFile, D:\231_semester\Microprocessor\lab_3_demo_2\lab_3\Core\Inc\stm32f1xx_it.h_save
2023-10-25 22:38:58,140 [INFO] CodeEngine:279 - Generated code: D:\231_semester\Microprocessor\lab_3_demo_2\lab_3\Core\Inc\stm32f1xx_it.h
2023-10-25 22:38:58,252 [INFO] CodeEngine:255 - oldGeneratedFile, D:\231_semester\Microprocessor\lab_3_demo_2\lab_3\Core\Src\stm32f1xx_hal_msp.c_save
2023-10-25 22:38:58,500 [INFO] CodeEngine:279 - Generated code: D:\231_semester\Microprocessor\lab_3_demo_2\lab_3\Core\Src\stm32f1xx_hal_msp.c
2023-10-25 22:38:58,507 [INFO] CodeEngine:255 - oldGeneratedFile, D:\231_semester\Microprocessor\lab_3_demo_2\lab_3\MXTmpFiles\system.tmp_save
2023-10-25 22:38:58,629 [INFO] CodeEngine:279 - Generated code: D:\231_semester\Microprocessor\lab_3_demo_2\lab_3\MXTmpFiles\system.tmp
2023-10-25 22:38:58,654 [INFO] CodeEngine:311 - oldGeneratedFile, D:\231_semester\Microprocessor\lab_3_demo_2\lab_3\Core\Inc\stm32f1xx_hal_conf.h_save
2023-10-25 22:38:58,881 [INFO] CodeEngine:335 - Generated code: D:\231_semester\Microprocessor\lab_3_demo_2\lab_3\Core\Inc\stm32f1xx_hal_conf.h
2023-10-25 22:38:58,916 [WARN] IPConfigManager:3431 - IP not found : TIM
2023-10-25 22:38:58,917 [WARN] CodeGenerator:3754 - IP not found : null
2023-10-25 22:38:58,941 [INFO] CodeEngine:255 - oldGeneratedFile, D:\231_semester\Microprocessor\lab_3_demo_2\lab_3\Core\Inc\main.h_save
2023-10-25 22:38:59,087 [INFO] CodeEngine:279 - Generated code: D:\231_semester\Microprocessor\lab_3_demo_2\lab_3\Core\Inc\main.h
2023-10-25 22:38:59,106 [INFO] CodeEngine:255 - oldGeneratedFile, D:\231_semester\Microprocessor\lab_3_demo_2\lab_3\Core\Src\main.c_save
2023-10-25 22:38:59,446 [INFO] CodeEngine:279 - Generated code: D:\231_semester\Microprocessor\lab_3_demo_2\lab_3\Core\Src\main.c
2023-10-25 22:39:00,622 [INFO] ProjectBuilder:2996 - Time for Copy HAL[1] : 167mS.
2023-10-25 22:39:00,628 [INFO] ProjectBuilder:4304 - Project Generator version: 3.19.2
2023-10-25 22:39:01,686 [INFO] ConfigFileManager:1483 - The Die is : DIE412
2023-10-25 22:39:08,628 [INFO] ProjectBuilder:4505 - Time for Generating toolchain IDE Files: 7999mS.
2023-10-25 22:39:08,628 [INFO] ProjectBuilder:2867 - Time for Copy CMSIS : 0mS.
2023-10-25 22:39:08,631 [INFO] ProjectBuilder:2867 - Time for Copy CMSIS : 0mS.
2023-10-25 22:44:12,614 [INFO] Gpio:273 - dependency for GPIO []
2023-10-25 22:44:14,939 [INFO] NvicIntPanel:101 - NVIC parent = com.st.microxplorer.plugins.ip.nvic.MultiNvicIntPanel[,0,0,450x181,layout=javax.swing.BoxLayout,alignmentX=0.0,alignmentY=0.0,border=,flags=9,maximumSize=,minimumSize=,preferredSize=]
2023-10-25 22:45:06,510 [INFO] NvicIntPanel:101 - NVIC parent = com.st.microxplorer.plugins.ip.nvic.MultiNvicIntPanel[,0,0,0x0,invalid,layout=javax.swing.BoxLayout,alignmentX=0.0,alignmentY=0.0,border=,flags=9,maximumSize=,minimumSize=,preferredSize=]
2023-10-25 22:45:16,018 [INFO] NvicIntPanel:101 - NVIC parent = com.st.microxplorer.plugins.ip.nvic.MultiNvicIntPanel[,0,0,0x0,invalid,layout=javax.swing.BoxLayout,alignmentX=0.0,alignmentY=0.0,border=,flags=9,maximumSize=,minimumSize=,preferredSize=]
2023-10-25 22:45:17,970 [INFO] NvicIntPanel:101 - NVIC parent = com.st.microxplorer.plugins.ip.nvic.MultiNvicIntPanel[,0,0,0x0,invalid,layout=javax.swing.BoxLayout,alignmentX=0.0,alignmentY=0.0,border=,flags=9,maximumSize=,minimumSize=,preferredSize=]
2023-10-25 22:45:18,721 [INFO] UtilMem:75 - End SaveConfig() Used Memory: 750082408 Bytes (976224256)
2023-10-25 22:45:19,786 [INFO] UtilMem:75 - End SaveConfig() Used Memory: 761066736 Bytes (976224256)
2023-10-25 22:45:24,210 [INFO] UtilMem:75 - End SaveConfig() Used Memory: 577372456 Bytes (976224256)
2023-10-25 22:45:24,749 [INFO] BlockDiagram:2759 - set Specific Code input for plugin: NVIC
2023-10-25 22:45:24,750 [INFO] BlockDiagram:2759 - set Specific Code input for plugin: GPIO
2023-10-25 22:45:24,750 [INFO] BlockDiagram:2759 - set Specific Code input for plugin: RCC
2023-10-25 22:45:24,750 [INFO] BlockDiagram:2759 - set Specific Code input for plugin: TIM1_8F1
2023-10-25 22:45:24,751 [INFO] CodeGenerator:793 - code generatio: config db path: C:\ST\STM32CubeIDE_1.12.1\STM32CubeIDE\plugins\com.st.stm32cube.common.mx_6.8.1.202304191431\\db\
2023-10-25 22:45:25,233 [INFO] CodeEngine:255 - oldGeneratedFile, D:\231_semester\Microprocessor\lab_3_demo_2\lab_3\MXTmpFiles\license.tmp_save
2023-10-25 22:45:25,366 [INFO] CodeEngine:279 - Generated code: D:\231_semester\Microprocessor\lab_3_demo_2\lab_3\MXTmpFiles\license.tmp
2023-10-25 22:45:25,416 [INFO] CodeEngine:255 - oldGeneratedFile, D:\231_semester\Microprocessor\lab_3_demo_2\lab_3\MXTmpFiles\gpio.tmp_save
2023-10-25 22:45:25,757 [INFO] CodeEngine:279 - Generated code: D:\231_semester\Microprocessor\lab_3_demo_2\lab_3\MXTmpFiles\gpio.tmp
2023-10-25 22:45:25,860 [INFO] CodeEngine:255 - oldGeneratedFile, D:\231_semester\Microprocessor\lab_3_demo_2\lab_3\Core\Src\stm32f1xx_it.c_save
2023-10-25 22:45:26,173 [INFO] CodeEngine:279 - Generated code: D:\231_semester\Microprocessor\lab_3_demo_2\lab_3\Core\Src\stm32f1xx_it.c
2023-10-25 22:45:26,194 [INFO] CodeEngine:255 - oldGeneratedFile, D:\231_semester\Microprocessor\lab_3_demo_2\lab_3\Core\Inc\stm32f1xx_it.h_save
2023-10-25 22:45:26,307 [INFO] CodeEngine:279 - Generated code: D:\231_semester\Microprocessor\lab_3_demo_2\lab_3\Core\Inc\stm32f1xx_it.h
2023-10-25 22:45:26,362 [INFO] CodeEngine:255 - oldGeneratedFile, D:\231_semester\Microprocessor\lab_3_demo_2\lab_3\Core\Src\stm32f1xx_hal_msp.c_save
2023-10-25 22:45:26,608 [INFO] CodeEngine:279 - Generated code: D:\231_semester\Microprocessor\lab_3_demo_2\lab_3\Core\Src\stm32f1xx_hal_msp.c
2023-10-25 22:45:26,618 [INFO] CodeEngine:255 - oldGeneratedFile, D:\231_semester\Microprocessor\lab_3_demo_2\lab_3\MXTmpFiles\system.tmp_save
2023-10-25 22:45:26,720 [INFO] CodeEngine:279 - Generated code: D:\231_semester\Microprocessor\lab_3_demo_2\lab_3\MXTmpFiles\system.tmp
2023-10-25 22:45:26,774 [INFO] CodeEngine:311 - oldGeneratedFile, D:\231_semester\Microprocessor\lab_3_demo_2\lab_3\Core\Inc\stm32f1xx_hal_conf.h_save
2023-10-25 22:45:26,927 [INFO] CodeEngine:335 - Generated code: D:\231_semester\Microprocessor\lab_3_demo_2\lab_3\Core\Inc\stm32f1xx_hal_conf.h
2023-10-25 22:45:26,959 [WARN] IPConfigManager:3431 - IP not found : TIM
2023-10-25 22:45:26,960 [WARN] CodeGenerator:3754 - IP not found : null
2023-10-25 22:45:26,990 [INFO] CodeEngine:255 - oldGeneratedFile, D:\231_semester\Microprocessor\lab_3_demo_2\lab_3\Core\Inc\main.h_save
2023-10-25 22:45:27,133 [INFO] CodeEngine:279 - Generated code: D:\231_semester\Microprocessor\lab_3_demo_2\lab_3\Core\Inc\main.h
2023-10-25 22:45:27,153 [INFO] CodeEngine:255 - oldGeneratedFile, D:\231_semester\Microprocessor\lab_3_demo_2\lab_3\Core\Src\main.c_save
2023-10-25 22:45:27,309 [INFO] CodeEngine:279 - Generated code: D:\231_semester\Microprocessor\lab_3_demo_2\lab_3\Core\Src\main.c
2023-10-25 22:45:28,388 [INFO] ProjectBuilder:2996 - Time for Copy HAL[1] : 156mS.
2023-10-25 22:45:28,391 [INFO] ProjectBuilder:4304 - Project Generator version: 3.19.2
2023-10-25 22:45:29,011 [INFO] ConfigFileManager:1483 - The Die is : DIE412
2023-10-25 22:45:32,629 [INFO] ProjectBuilder:4505 - Time for Generating toolchain IDE Files: 4238mS.
2023-10-25 22:45:32,630 [INFO] ProjectBuilder:2867 - Time for Copy CMSIS : 1mS.
2023-10-25 22:45:32,632 [INFO] ProjectBuilder:2867 - Time for Copy CMSIS : 0mS.
